[17:06:10] =======================================================
[17:06:10] 微信实时监控 + WorkBuddy AI 自动回复  启动
[17:06:10] 监控间隔: 3.0s  |  回复超时: 90s
[17:06:10] 通信目录: c:\Users\Lenovo\WorkBuddy\Claw\wb_comm
[17:06:10] 请同时运行 workbuddy_reply.py
[17:06:10] 按 Ctrl+C 停止
[17:06:10] =======================================================
[17:06:10] 微信窗口: 1108x706 @ (95, 179)
[17:06:10] [白名单] 已加载 165 个联系人
[17:06:10] 初始化 PaddleOCR（首次较慢）...
[17:06:17] PaddleOCR 就绪
[17:06:19]   [白名单] 跳过: 公众号
[17:06:19]   [白名单] 跳过: WorkBuddy:
[17:06:19] 📩 未读联系人: ['AiLy李1550']
[17:06:19] ▶ 处理: AiLy李1550
[17:06:19]   [搜索] Ctrl+F 搜索: AiLy李1550
[17:06:23]   [搜索] 找到结果: 'AiLy李15502540306' @ (300, 290)
[17:06:26]   未识别到消息，跳过
[17:06:30]   [白名单] 跳过: 公众号
[17:06:30]   [白名单] 跳过: WorkBuddy:
[17:06:30] 📩 未读联系人: ['AiLy李1550']
[17:06:30]   [冷却] AiLy李1550 距上次处理 3s，跳过
[17:06:33]   [白名单] 跳过: 公众号
[17:06:34]   [白名单] 跳过: WorkBuddy:
[17:06:34] 📩 未读联系人: ['AiLy李1550']
[17:06:34]   [冷却] AiLy李1550 距上次处理 7s，跳过
[17:07:02]   [白名单] 跳过: 人必
[17:07:02]   [白名单] 跳过: 公众号
[17:07:02]   [白名单] 跳过: WorkBuddy:
[17:07:02] 📩 未读联系人: ['AiLy李1550']
[17:07:02]   [冷却] AiLy李1550 距上次处理 35s，跳过
[17:07:05]   [白名单] 跳过: 佛山
[17:07:05]   [白名单] 跳过: 公众号
[17:07:05]   [白名单] 跳过: WorkBuddy:
[17:07:06] 📩 未读联系人: ['AiLy李15502540']
[17:07:06] ▶ 处理: AiLy李15502540
[17:07:06]   [搜索] Ctrl+F 搜索: AiLy李15502540
[17:07:09]   [搜索] 找到结果: 'AiLy李15502540306' @ (271, 311)
[17:07:12]   [self] 26.2K
[17:07:12]   [self] 微信电脑版
[17:07:12]   [other] 收到
[17:07:12]   请求 AI 回复...
[17:07:12]   [任务] 已写入，等待 WorkBuddy 回复（超时 90s）...
[17:08:43]   [超时] 等待回复超过 90s，跳过
[17:08:46]   [白名单] 跳过: 佛山
[17:08:47]   [白名单] 跳过: 公众号
[17:08:47]   [白名单] 跳过: WorkBuddy:
[17:08:47] 📩 未读联系人: ['AiLy李15502540']
[17:08:47]   [冷却] AiLy李15502540 距上次处理 4s，跳过
[17:08:51]   [白名单] 跳过: 佛山
[17:08:51]   [白名单] 跳过: 公众号
[17:08:51]   [白名单] 跳过: WorkBuddy:
[17:08:51] 📩 未读联系人: ['李1550254']
[17:08:51] ▶ 处理: 李1550254
[17:08:51]   [搜索] Ctrl+F 搜索: 李1550254
[17:08:54]   [搜索] OCR未找到，点击兜底坐标 (283, 355)
[17:08:58]   [other] 输出文件保存到桌面，路径固定
[17:08:58]   [other] 首次运行会从官方源下载OCR模型（约100MB）
[17:08:58]   [other] （低风险）
[17:08:58]   请求 AI 回复...
[17:08:58]   [任务] 已写入，等待 WorkBuddy 回复（超时 90s）...
[17:10:28]   [超时] 等待回复超过 90s，跳过
[17:10:32]   [白名单] 跳过: 佛山
[17:10:32]   [白名单] 跳过: 公众号
[17:10:32]   [白名单] 跳过: WorkBuddy:
[17:10:57]   [白名单] 跳过: 物腾开库桌
[17:10:57]   [白名单] 跳过: 佛山
[17:10:57]   [白名单] 跳过: 公众号
[17:10:57]   [白名单] 跳过: WorkBuddy:
[17:11:04]   [白名单] 跳过: 通讯
[17:11:10]   [白名单] 跳过: 物腾开库桌
[17:11:10]   [白名单] 跳过: 佛山
[17:11:11]   [白名单] 跳过: 公众号
[17:11:11]   [白名单] 跳过: WorkBuddy:
[17:11:26]   [白名单] 跳过: 公众号
[17:11:27]   [白名单] 跳过: 佛山
[17:11:27]   [白名单] 跳过: WorkBuddy:
[17:13:32]   [白名单] 跳过: 公众号
[17:13:32]   [白名单] 跳过: 佛山
[17:13:32]   [白名单] 跳过: WorkBuddy:
[17:13:36]   [白名单] 跳过: 公众号
[17:13:36]   [白名单] 跳过: 佛山
[17:13:36]   [白名单] 跳过: WorkBuddy:
[17:13:40]   [白名单] 跳过: 公众号
[17:13:40]   [白名单] 跳过: 佛山
[17:13:40]   [白名单] 跳过: WorkBuddy:
[17:17:29]   [白名单] 跳过: 佛山
[17:17:29]   [白名单] 跳过: WorkBuddy:
[17:17:33]   [白名单] 跳过: 佛山
[17:17:33]   [白名单] 跳过: WorkBuddy:
[17:17:37]   [白名单] 跳过: 佛山
[17:17:37]   [白名单] 跳过: WorkBuddy:
[17:17:41]   [白名单] 跳过: 佛山
[17:17:41]   [白名单] 跳过: WorkBuddy:
[17:17:45]   [白名单] 跳过: 佛山
[17:17:45]   [白名单] 跳过: WorkBuddy:
[17:17:45] 📩 未读联系人: ['腾升降桌工厂']
[17:17:45] ▶ 处理: 腾升降桌工厂
[17:17:45]   [搜索] Ctrl+F 搜索: 腾升降桌工厂
[17:17:50]   [搜索] 找到结果: '畅腾升降桌工厂' @ (238, 360)
[17:17:53]   [self] 全部
[17:17:53]   [self] s.py
[17:17:53]   [self] heck.
[17:17:53]   最后一条是自己发的，无需回复
[17:17:56]   [白名单] 跳过: 佛山
[17:17:56]   [白名单] 跳过: WorkBuddy:
[17:18:39]   [白名单] 跳过: 佛山
[17:18:40]   [白名单] 跳过: WorkBuddy:
[17:18:40] 📩 未读联系人: ['李1550254']
[17:18:40] ▶ 处理: 李1550254
[17:18:40]   [搜索] Ctrl+F 搜索: 李1550254
[17:18:44]   [搜索] 找到结果: 'AiLy李15502540306' @ (260, 291)
[17:18:47]   [self] 的截
[17:18:47]   [self] 文字块
[17:18:47]   [self] Clav
[17:18:47]   最后一条是自己发的，无需回复
[17:18:50]   [白名单] 跳过: 佛山
[17:18:50]   [白名单] 跳过: WorkBuddy:
[17:18:54]   [白名单] 跳过: 佛山
[17:18:54]   [白名单] 跳过: WorkBuddy:
[17:19:31]   [白名单] 跳过: 佛山
[17:19:31]   [白名单] 跳过: WorkBuddy:
[17:19:35]   [白名单] 跳过: 佛山
[17:19:35]   [白名单] 跳过: WorkBuddy:
[17:19:38]   [白名单] 跳过: 佛山
[17:19:38]   [白名单] 跳过: WorkBuddy:
[17:19:42]   [白名单] 跳过: 佛山
[17:19:42]   [白名单] 跳过: WorkBuddy:
[17:19:45]   [白名单] 跳过: 佛山
[17:19:45]   [白名单] 跳过: WorkBuddy:
[17:20:01]   [白名单] 跳过: 佛山
[17:20:01]   [白名单] 跳过: WorkBuddy:
[17:20:08]   [白名单] 跳过: 佛山
[17:20:08]   [白名单] 跳过: WorkBuddy:
[17:20:32]   [白名单] 跳过: 佛山
[17:20:33]   [白名单] 跳过: WorkBuddy:
[17:21:09]   [白名单] 跳过: 佛山
[17:21:09]   [白名单] 跳过: WorkBuddy:
[17:21:22]   [白名单] 跳过: 佛山
[17:21:22]   [白名单] 跳过: WorkBuddy:
[17:21:47]   [白名单] 跳过: 物腾开库桌
[17:21:47]   [白名单] 跳过: 佛山
[17:21:47]   [白名单] 跳过: WorkBuddy:
[17:22:15]   [白名单] 跳过: 搜索网络结果
[17:22:15]   [白名单] 跳过: WorkBuddy:
[17:22:19]   [白名单] 跳过: 物腾开库桌
[17:22:19]   [白名单] 跳过: 佛山
[17:22:19]   [白名单] 跳过: WorkBuddy:
[17:22:25] 📩 未读联系人: ['畅腾升']
[17:22:25] ▶ 处理: 畅腾升
[17:22:28]   [搜索] Ctrl+F 搜索: 畅腾升
[17:22:35]   [搜索] 找到结果: '畅腾升降桌工厂' @ (250, 287)
[17:22:40]   [self] ali
[17:22:40]   [self] 将整
[17:22:40]   最后一条是自己发的，无需回复
[17:22:43]   [白名单] 跳过: WorkBuddy:
[17:23:27]   [白名单] 跳过: WorkBuddy:
[17:24:16]   [白名单] 跳过: WorkBuddy:
[17:24:22]   [白名单] 跳过: WorkBuddy:
[17:27:07]   [白名单] 跳过: WorkBuddy:Wor
[17:27:18]   [白名单] 跳过: WorkBuddy:Wor
[17:27:18] 📩 未读联系人: ['畅腾升降桌工厂']
[17:27:18] ▶ 处理: 畅腾升降桌工厂
[17:27:18]   [搜索] Ctrl+F 搜索: 畅腾升降桌工厂
[17:27:22]   [搜索] 找到结果: 'Q畅腾升降桌工厂' @ (196, 375)
[17:27:26]   [self] 但是这种方法有风险
[17:27:26]   [self] Auto
[17:27:26]   [other] Y(...口X
[17:27:26]   请求 AI 回复...
[17:27:26]   [任务] 已写入，等待 WorkBuddy 回复（超时 90s）...
[17:28:56]   [超时] 等待回复超过 90s，跳过
[17:30:17]   [白名单] 跳过: WorkBuddy:Wor
[17:30:23]   [白名单] 跳过: WorkBuddy:Wor
[17:30:45]   [白名单] 跳过: WorkBuddy:Wor
[17:30:45] 📩 未读联系人: ['AiLy李155025403']
[17:30:45] ▶ 处理: AiLy李155025403
[17:30:46]   [搜索] Ctrl+F 搜索: AiLy李155025403
[17:30:49]   [搜索] 找到结果: 'AiLy李15502540306' @ (248, 266)
[17:30:53]   [other] 录
[17:30:53]   [other] 我得仔细琢磨一下这个
[17:30:53]   [other] Y..X<
[17:30:53]   请求 AI 回复...
[17:30:53]   [任务] 已写入，等待 WorkBuddy 回复（超时 90s）...
[17:32:23]   [超时] 等待回复超过 90s，跳过
[17:32:27]   [白名单] 跳过: WorkBuddy:Wor
[17:33:28]   [白名单] 跳过: 文章
[17:33:28]   [白名单] 跳过: WorkBuddy:Wor
[17:33:32]   [白名单] 跳过: WorkBuddy:Wor
[17:33:41]   [白名单] 跳过: WorkBuddy:Wor
[17:34:00]   [白名单] 跳过: WorkBuddy:Wor
[17:35:22]   [白名单] 跳过: WorkBuddy:Wor
[17:36:02]   [白名单] 跳过: 众号
[17:36:02]   [白名单] 跳过: WorkBuddy:Wor
[17:37:04]   [白名单] 跳过: 众号
[17:37:04]   [白名单] 跳过: WorkBuddy:Wor
[17:41:54]   [白名单] 跳过: WorkBuddy....
[17:41:58]   [白名单] 跳过: WorkBuddy....
[17:42:01]   [白名单] 跳过: WorkBuddy....
[17:42:05]   [白名单] 跳过: WorkBuddy....
[17:42:48]   [白名单] 跳过: WorkBuddy....
[17:43:36]   [白名单] 跳过: WorkBuddy....
[17:43:40]   [白名单] 跳过: WorkBuddy....
[17:43:43]   [白名单] 跳过: WorkBuddy....
[17:43:46]   [白名单] 跳过: WorkBuddy....
[17:43:50]   [白名单] 跳过: WorkBuddy....
[17:43:53]   [白名单] 跳过: WorkBuddy....
[17:44:00]   [白名单] 跳过: WorkBuddy....
[17:44:03]   [白名单] 跳过: WorkBuddy....
[17:45:10]   [白名单] 跳过: WorkBuddy....
[17:45:14]   [白名单] 跳过: WorkBuddy....
[17:45:17]   [白名单] 跳过: WorkBuddy....
[17:45:23]   [白名单] 跳过: WorkBuddy....
[17:45:30]   [白名单] 跳过: WorkBuddy....
[17:45:39]   [白名单] 跳过: WorkBuddy....
[17:45:42]   [白名单] 跳过: WorkBuddy....
[17:45:55]   [白名单] 跳过: WorkBuddy....
[17:46:01]   [白名单] 跳过: WorkBuddy....
[17:47:42]   [白名单] 跳过: WorkBuddy....
[17:47:45]   [白名单] 跳过: WorkBuddy....
[17:47:49]   [白名单] 跳过: WorkBuddy....
[17:48:04]   [白名单] 跳过: WorkBuddy....
[17:48:50]   [白名单] 跳过: NorkBuddy:  WorkBuc
[17:48:54]   [白名单] 跳过: 平台
[17:54:37]   [白名单] 跳过: 公众号
[17:54:44]   [白名单] 跳过: 公众号
[17:54:48]   [白名单] 跳过: 公众号
[17:55:37]   [白名单] 跳过: 公众号
[17:55:37]   [白名单] 跳过: WorkBudd
[17:55:44]   [白名单] 跳过: 公众号
[17:55:44]   [白名单] 跳过: WorkBuddy:
[17:55:47]   [白名单] 跳过: 公众号
[17:55:47]   [白名单] 跳过: WorkBuddy:
[17:56:42]   [白名单] 跳过: 公众号
[17:56:42]   [白名单] 跳过: WorkBuddy:
[17:56:46]   [白名单] 跳过: 公众号
[17:56:46]   [白名单] 跳过: WorkBuddy:
[17:56:49]   [白名单] 跳过: 公众号
[17:56:49]   [白名单] 跳过: WorkBuddy:
[17:56:56]   [白名单] 跳过: 公众号
[17:56:56]   [白名单] 跳过: WorkBuddy:
[17:57:11]   [白名单] 跳过: 公众号
[17:57:18]   [白名单] 跳过: 众号
[17:57:24]   [白名单] 跳过: 众号
[17:57:27]   [白名单] 跳过: 众号
[17:57:58]   [白名单] 跳过: 众号
[17:58:01]   [白名单] 跳过: 众号
[17:58:29]   [白名单] 跳过: 众号
[17:58:36]   [白名单] 跳过: 众号
[17:58:39]   [白名单] 跳过: 众号
[18:02:49]   [白名单] 跳过: 公众号
[18:02:55]   [白名单] 跳过: 公众号
[18:05:07]   [白名单] 跳过: 佛山
[18:05:07]   [白名单] 跳过: 众号
[18:05:11]   [白名单] 跳过: 佛山
[18:05:11]   [白名单] 跳过: 众号
[18:05:23]   [白名单] 跳过: 众号
[18:05:27]   [白名单] 跳过: 众号
[18:06:09]   [白名单] 跳过: 公众号
[18:06:25]   [白名单] 跳过: 淘宝闪购
[18:06:25]   [白名单] 跳过: 公众号
[18:10:50]   [白名单] 跳过: 公众号
[18:12:37]   [白名单] 跳过: 顶目对接群
[18:17:53]   [白名单] 跳过: 网络结果
[18:19:53]   [白名单] 跳过: 1688首页
[18:19:54]   [白名单] 跳过: 场腾租赁合
[18:20:03]   [白名单] 跳过: 1688首页
[18:20:03]   [白名单] 跳过: 场腾租赁合
[18:20:13]   [白名单] 跳过: 微信游戏
[18:20:13]   [白名单] 跳过: 微信游戏
[18:20:13]   [白名单] 跳过: 公众号
[18:20:23]   [白名单] 跳过: 微信游戏
[18:20:23]   [白名单] 跳过: 微信游戏
[18:20:23]   [白名单] 跳过: 公众号
[18:20:26]   [白名单] 跳过: 微信游戏
[18:20:26]   [白名单] 跳过: 微信游戏
[18:20:26]   [白名单] 跳过: 公众号
[18:20:33]   [白名单] 跳过: 微信游戏
[18:20:33]   [白名单] 跳过: 微信游戏
[18:20:33]   [白名单] 跳过: 公众号
[18:20:39]   [白名单] 跳过: 微信游戏
[18:20:39]   [白名单] 跳过: 微信游戏
[18:20:39]   [白名单] 跳过: 公众号
[18:20:43]   [白名单] 跳过: 微信游戏
[18:20:43]   [白名单] 跳过: 微信游戏
[18:20:43]   [白名单] 跳过: 公众号
[18:20:46]   [白名单] 跳过: 微信游戏
[18:20:46]   [白名单] 跳过: 微信游戏
[18:20:47]   [白名单] 跳过: 公众号
[18:23:55]   [白名单] 跳过: 微信游戏
[18:23:55]   [白名单] 跳过: 微信游戏
[18:23:55]   [白名单] 跳过: 公众号
[18:28:26]   [白名单] 跳过: 微信游戏
[18:28:26]   [白名单] 跳过: 微信游戏
[18:28:26]   [白名单] 跳过: 公众号
[18:30:37]   [白名单] 跳过: 微信游戏
[18:30:37]   [白名单] 跳过: 微信游戏
[18:30:37]   [白名单] 跳过: 公众号
[18:30:58]   [白名单] 跳过: 微信游戏
[18:30:59]   [白名单] 跳过: 微信游戏
[18:30:59]   [白名单] 跳过: 公众号
[18:31:02]   [白名单] 跳过: 微信游戏
[18:31:02]   [白名单] 跳过: 微信游戏
[18:31:02]   [白名单] 跳过: 公众号
[18:31:18]   [白名单] 跳过: 微信游戏
[18:31:18]   [白名单] 跳过: 微信游戏
[18:31:18]   [白名单] 跳过: 公众号
[18:32:04]   [白名单] 跳过: 微信游戏
[18:32:04]   [白名单] 跳过: 微信游戏
[18:32:04]   [白名单] 跳过: 公众号
[18:32:50]   [白名单] 跳过: 微信游戏
[18:32:50]   [白名单] 跳过: 微信游戏
[18:32:54]   [白名单] 跳过: 微信游戏
[18:32:54]   [白名单] 跳过: 微信游戏
[18:32:57]   [白名单] 跳过: 微信游戏
[18:32:57]   [白名单] 跳过: 微信游戏
[18:33:01]   [白名单] 跳过: 微信游戏
[18:33:01]   [白名单] 跳过: 微信游戏
