[15:52:57] =======================================================
[15:52:57] 微信实时监控 + WorkBuddy AI 自动回复  启动
[15:52:57] 监控间隔: 3.0s  |  回复超时: 90s
[15:52:57] 通信目录: c:\Users\Lenovo\WorkBuddy\Claw\wb_comm
[15:52:57] 请同时运行 workbuddy_reply.py
[15:52:57] 按 Ctrl+C 停止
[15:52:57] =======================================================
[15:52:58] 微信窗口: 1108x707 @ (32, 181)
[15:52:58] [白名单] 已加载 165 个联系人
[15:52:58] 初始化 PaddleOCR（首次较慢）...
[15:53:02] PaddleOCR 就绪
[15:53:02]   [白名单] 跳过: WorkBuddy:
[15:53:02] 📩 未读联系人: ['AiLy李1550254']
[15:53:02] ▶ 处理: AiLy李1550254
[15:53:03]   [搜索] Ctrl+F 搜索: AiLy李1550254
[15:53:06]   [搜索] 找到结果: 'QAiLy李1550254' @ (179, 286)
[15:53:10]   [self] 清空聊天记录
[15:53:10]   [other] 到时候我们可以多台电脑，多个IP来搞
[15:53:10]   [other] YX
[15:53:10]   请求 AI 回复...
[15:53:10]   [任务] 已写入，等待 WorkBuddy 回复（超时 90s）...
[15:54:40]   [超时] 等待回复超过 90s，跳过
[15:54:43]   [白名单] 跳过: WorkBuddy:
[15:54:43] 📩 未读联系人: ['AiLy李1550254']
[15:54:43]   [冷却] AiLy李1550254 距上次处理 3s，跳过
[15:57:43]   [白名单] 跳过: 物腾开库县
[15:57:43]   [白名单] 跳过: WorkBuddy:
[15:57:43] 📩 未读联系人: ['AiLy李1550254']
[15:57:43] ▶ 处理: AiLy李1550254
[15:57:43]   [搜索] Ctrl+F 搜索: AiLy李1550254
[15:57:46]   [搜索] 找到结果: 'AiLy李15502540306' @ (226, 750)
[15:57:49]   未识别到消息，跳过
[15:57:52]   [白名单] 跳过: WorkBuddy:
[15:57:52] 📩 未读联系人: ['畅腾升降桌工厂', 'AiLy李1550254']
[15:57:52] ▶ 处理: 畅腾升降桌工厂
[15:57:53]   [搜索] Ctrl+F 搜索: 畅腾升降桌工厂
[15:57:56]   [搜索] 找到结果: '畅腾升降桌工厂' @ (205, 274)
[15:57:59]   未识别到消息，跳过
[15:57:59]   [冷却] AiLy李1550254 距上次处理 3s，跳过
[15:58:02]   [白名单] 跳过: WorkBuddy:
[15:58:02] 📩 未读联系人: ['畅腾升降桌工厂', 'AiLy李1550254']
[15:58:02]   [冷却] 畅腾升降桌工厂 距上次处理 3s，跳过
[15:58:02]   [冷却] AiLy李1550254 距上次处理 12s，跳过
[15:58:14]   [白名单] 跳过: WorkBuddy:
[15:58:14] 📩 未读联系人: ['畅腾升降桌工厂', 'AiLy李1550254']
[15:58:14]   [冷却] 畅腾升降桌工厂 距上次处理 15s，跳过
[15:58:14]   [冷却] AiLy李1550254 距上次处理 25s，跳过
[15:58:17]   [白名单] 跳过: WorkBuddy:
[15:58:17] 📩 未读联系人: ['AiLy李1550254']
[15:58:17]   [冷却] AiLy李1550254 距上次处理 28s，跳过
[15:58:20]   [白名单] 跳过: WorkBuddy:
[15:58:21] 📩 未读联系人: ['AiLy李1550254']
[15:58:21]   [冷却] AiLy李1550254 距上次处理 31s，跳过
[15:58:24]   [白名单] 跳过: WorkBuddy:
[15:58:24] 📩 未读联系人: ['AiLy李1550254']
[15:58:24]   [冷却] AiLy李1550254 距上次处理 34s，跳过
[15:58:27]   [白名单] 跳过: WorkBuddy:
[15:58:27] 📩 未读联系人: ['畅腾升降桌工厂', 'AiLy李1550254']
[15:58:27]   [冷却] 畅腾升降桌工厂 距上次处理 28s，跳过
[15:58:27]   [冷却] AiLy李1550254 距上次处理 37s，跳过
[15:58:33]   [白名单] 跳过: WorkBuddy:
[15:58:33] 📩 未读联系人: ['畅腾升降桌工厂', 'AiLy李1550254']
[15:58:33]   [冷却] 畅腾升降桌工厂 距上次处理 34s，跳过
[15:58:33]   [冷却] AiLy李1550254 距上次处理 43s，跳过
[15:58:36]   [白名单] 跳过: WorkBuddy:
[15:58:36] 📩 未读联系人: ['畅腾升降桌工厂', 'AiLy李1550254']
[15:58:36]   [冷却] 畅腾升降桌工厂 距上次处理 37s，跳过
[15:58:36]   [冷却] AiLy李1550254 距上次处理 47s，跳过
[15:58:45]   [白名单] 跳过: WorkBuddy:
[15:58:45] 📩 未读联系人: ['畅腾升降桌工厂', 'AiLy李1550254']
[15:58:45]   [冷却] 畅腾升降桌工厂 距上次处理 46s，跳过
[15:58:45]   [冷却] AiLy李1550254 距上次处理 56s，跳过
[15:58:49]   [白名单] 跳过: WorkBuddy:
[15:58:49] 📩 未读联系人: ['畅腾升降桌工厂', 'AiLy李1550254']
[15:58:49]   [冷却] 畅腾升降桌工厂 距上次处理 49s，跳过
[15:58:49]   [冷却] AiLy李1550254 距上次处理 59s，跳过
[15:58:52]   [白名单] 跳过: WorkBuddy:
[15:58:52] 📩 未读联系人: ['AiLy李1550254']
[15:58:52] ▶ 处理: AiLy李1550254
[15:58:52]   [搜索] Ctrl+F 搜索: AiLy李1550254
[15:58:55]   [搜索] 找到结果: 'QAiLy李1550254' @ (179, 286)
[15:58:59]   [other] 到时候我们可以多台电脑，多个IP来搞
[15:58:59]   [self] 通话时长12:31
[15:58:59]   [other] XY
[15:58:59]   请求 AI 回复...
[15:58:59]   [任务] 已写入，等待 WorkBuddy 回复（超时 90s）...
[16:00:29]   [超时] 等待回复超过 90s，跳过
[16:00:32]   [白名单] 跳过: WorkBuddy:
[16:00:32] 📩 未读联系人: ['AiLy李1550254']
[16:00:32]   [冷却] AiLy李1550254 距上次处理 3s，跳过
[16:01:52]   [白名单] 跳过: 淘宝闪购福利官代
[16:01:52]   [白名单] 跳过: WorkBuddy:
[16:01:52] 📩 未读联系人: ['AiLy李1550254']
[16:01:52] ▶ 处理: AiLy李1550254
[16:01:52]   [搜索] Ctrl+F 搜索: AiLy李1550254
[16:01:55]   [搜索] 找到结果: 'AiLy李15502540306' @ (226, 341)
[16:01:58]   未识别到消息，跳过
[16:02:01]   [白名单] 跳过: WorkBuddy:
[16:04:39]   [白名单] 跳过: WorkBuddy:
[16:04:39] 📩 未读联系人: ['AiLy李1550254']
[16:04:39] ▶ 处理: AiLy李1550254
[16:04:40]   [搜索] Ctrl+F 搜索: AiLy李1550254
[16:04:43]   [搜索] 找到结果: 'QAiLy李1550254' @ (179, 286)
[16:04:46]   未识别到消息，跳过
[16:04:49]   [白名单] 跳过: WorkBuddy:
[16:04:49] 📩 未读联系人: ['AiLy李1550254']
[16:04:49]   [冷却] AiLy李1550254 距上次处理 3s，跳过
[16:06:56]   [白名单] 跳过: WorkBuddy:
[16:06:56] 📩 未读联系人: ['AiLy李1550254']
[16:06:56] ▶ 处理: AiLy李1550254
[16:06:57]   [搜索] Ctrl+F 搜索: AiLy李1550254
[16:06:59]   [搜索] 找到结果: 'AiLy李15502540306' @ (227, 274)
[16:07:04]   [self] get_contactstest_bottom.py
[16:07:04]   [self] run_chtest_monitor_start.py
[16:07:04]   [other] Y
[16:07:04]   请求 AI 回复...
[16:07:04]   [任务] 已写入，等待 WorkBuddy 回复（超时 90s）...
[16:08:34]   [超时] 等待回复超过 90s，跳过
[16:08:37]   [白名单] 跳过: WorkBuddy:
[16:08:37] 📩 未读联系人: ['AiLy李1550254']
[16:08:37]   [冷却] AiLy李1550254 距上次处理 3s，跳过
[16:10:26]   [白名单] 跳过: WorkBuddy:
[16:10:36]   [白名单] 跳过: WorkBuddy:
[16:11:15]   [白名单] 跳过: 物腾开库县
[16:11:15]   [白名单] 跳过: WorkBuddy:
[16:11:18]   [白名单] 跳过: WorkBuddy:
[16:11:21]   [白名单] 跳过: WorkBuddy:
[16:11:25]   [白名单] 跳过: WorkBuddy:
[16:11:28]   [白名单] 跳过: WorkBuddy:
[16:11:52]   [白名单] 跳过: WorkBuddy:
[16:11:55]   [白名单] 跳过: WorkBuddy:
[16:11:58] 📩 未读联系人: ['畅腾升降桌工厂']
[16:11:58] ▶ 处理: 畅腾升降桌工厂
[16:11:58]   [搜索] Ctrl+F 搜索: 畅腾升降桌工厂
[16:12:02]   [搜索] 找到结果: '畅腾升降桌工厂' @ (203, 278)
[16:12:06]   [self] 这样我可以直接算出正确的偏移量。
[16:12:06]   [self] 任务产生制品（39个）：
[16:12:06]   [other] Y一
[16:12:06]   请求 AI 回复...
[16:12:06]   [任务] 已写入，等待 WorkBuddy 回复（超时 90s）...
[16:13:36]   [超时] 等待回复超过 90s，跳过
[16:13:40]   [白名单] 跳过: WorkBuddy:
[16:14:31]   [白名单] 跳过: WorkBuddy:
[16:14:41]   [白名单] 跳过: WorkBuddy:
[16:15:20]   [白名单] 跳过: WorkBuddy:
[16:15:35]   [白名单] 跳过: WorkBuddy:
[16:17:07]   [白名单] 跳过: WorkBuddy:
[16:18:56]   [白名单] 跳过: WorkBuddy:
[16:18:59]   [白名单] 跳过: WorkBuddy:
[16:18:59] 📩 未读联系人: ['畅腾升降桌工厂']
[16:18:59] ▶ 处理: 畅腾升降桌工厂
[16:18:59]   [搜索] Ctrl+F 搜索: 畅腾升降桌工厂
[16:19:03]   [搜索] 找到结果: '畅腾升降桌工厂' @ (194, 406)
[16:19:07]   [other] 部分减肥减肥
[16:19:07]   [self] 二
[16:19:07]   [other] ?
[16:19:07]   请求 AI 回复...
[16:19:07]   [任务] 已写入，等待 WorkBuddy 回复（超时 90s）...
[16:20:37]   [超时] 等待回复超过 90s，跳过
[16:20:40]   [白名单] 跳过: WorkBuddy:
[16:20:40] 📩 未读联系人: ['AiLy李15502540']
[16:20:40] ▶ 处理: AiLy李15502540
[16:20:40]   [搜索] Ctrl+F 搜索: AiLy李15502540
[16:20:43]   [搜索] 找到结果: 'AiLy李15502540306' @ (225, 287)
[16:20:47]   [other] 但是不搞视觉先，麻烦的
[16:20:47]   [self] 搞不出来
[16:20:47]   [other] 0M
[16:20:47]   请求 AI 回复...
[16:20:47]   [任务] 已写入，等待 WorkBuddy 回复（超时 90s）...
[16:22:17]   [超时] 等待回复超过 90s，跳过
[16:22:20]   [白名单] 跳过: WorkBuddy:
[16:23:14]   [白名单] 跳过: WorkBuddy:
[16:23:24]   [白名单] 跳过: WorkBuddy:
[16:26:44]   [白名单] 跳过: WorkBuddy:
[16:26:44] 📩 未读联系人: ['AiLy李15502540']
[16:26:44] ▶ 处理: AiLy李15502540
[16:26:44]   [搜索] Ctrl+F 搜索: AiLy李15502540
[16:26:47]   [搜索] 找到结果: 'AiLy李15502540306' @ (216, 270)
[16:26:51]   未识别到消息，跳过
[16:26:54]   [白名单] 跳过: WorkBuddy:
[16:26:54] 📩 未读联系人: ['AiLy李15502540']
[16:26:54]   [冷却] AiLy李15502540 距上次处理 3s，跳过
[16:27:15]   [白名单] 跳过: WorkBuddy:
[16:27:15] 📩 未读联系人: ['AiLy李15502540']
[16:27:15]   [冷却] AiLy李15502540 距上次处理 24s，跳过
[16:27:18]   [白名单] 跳过: /orkBuddy....
[16:27:28]   [白名单] 跳过: /orkBuddy....
[16:27:31]   [白名单] 跳过: PDF
[16:27:31]   [白名单] 跳过: PDF
[16:27:31]   [白名单] 跳过: PDF
[16:27:34]   [白名单] 跳过: PDF
[16:27:34]   [白名单] 跳过: PDF
[16:27:34]   [白名单] 跳过: PDF
[16:27:37]   [白名单] 跳过: PDF
[16:27:37]   [白名单] 跳过: PDF
[16:27:37]   [白名单] 跳过: PDF
[16:27:40]   [白名单] 跳过: PDF
[16:27:40]   [白名单] 跳过: PDF
[16:27:41]   [白名单] 跳过: PDF
[16:27:47]   [白名单] 跳过: WorkBuddy:
[16:27:47] 📩 未读联系人: ['AiLy李1550254']
[16:27:47] ▶ 处理: AiLy李1550254
[16:27:47]   [搜索] Ctrl+F 搜索: AiLy李1550254
[16:27:50]   [搜索] 找到结果: 'AiLy李15502540306' @ (238, 262)
[16:27:54]   [other] 到时候我们可以多台电脑，多个IP来搞
[16:27:54]   [self] 通话时长1231
[16:27:54]   [other] (...YX
[16:27:54]   请求 AI 回复...
[16:27:54]   [任务] 已写入，等待 WorkBuddy 回复（超时 90s）...
[16:29:24]   [超时] 等待回复超过 90s，跳过
[16:30:37]   [白名单] 跳过: PDF
[16:30:37]   [白名单] 跳过: PDF
[16:30:37]   [白名单] 跳过: PDF
[16:30:46]   [白名单] 跳过: PDF
[16:30:46]   [白名单] 跳过: PDF
[16:30:46]   [白名单] 跳过: PDF
[16:30:49]   [白名单] 跳过: PDF
[16:30:49]   [白名单] 跳过: PDF
[16:30:49]   [白名单] 跳过: PDF
[16:30:53]   [白名单] 跳过: PDF
[16:30:53]   [白名单] 跳过: PDF
[16:30:53]   [白名单] 跳过: PDF
[16:30:56]   [白名单] 跳过: PDF
[16:30:56]   [白名单] 跳过: PDF
[16:30:56]   [白名单] 跳过: PDF
[16:30:59]   [白名单] 跳过: 发送
[16:30:59]   [白名单] 跳过: WorkBuddy....
[16:31:11]   [白名单] 跳过: WorkBuddy....
[16:31:15]   [白名单] 跳过: 排版
[16:31:15]   [白名单] 跳过: WorkBuddy....
[16:31:15]   [白名单] 跳过: ：为什么劝你练瑜伽？不是为.
[16:31:51]   [白名单] 跳过: 排版
[16:31:52]   [白名单] 跳过: WorkBuddy....
[16:31:52]   [白名单] 跳过: ：为什么劝你练瑜伽？不是为.
[16:32:34]   [白名单] 跳过: 排版、联系人、发送Ai都搞了
[16:32:34]   [白名单] 跳过: WorkBuddy...
[16:32:38]   [白名单] 跳过: WorkBuddy....
[16:32:41]   [白名单] 跳过: WorkBuddy....
[16:33:11]   [白名单] 跳过: PDF
[16:33:11]   [白名单] 跳过: PDF
[16:33:11]   [白名单] 跳过: PDF
[16:33:57]   [白名单] 跳过: 主文件夹
[16:34:00]   [白名单] 跳过: 主文件夹
[16:34:03]   [白名单] 跳过: PDF
[16:34:03]   [白名单] 跳过: PDF
[16:34:03]   [白名单] 跳过: PDF
[16:36:23]   [白名单] 跳过: PDF
[16:36:23]   [白名单] 跳过: PDF
[16:36:23]   [白名单] 跳过: PDF
[16:36:51]   [白名单] 跳过: PDF
[16:36:51]   [白名单] 跳过: PDF
[16:36:51]   [白名单] 跳过: PDF
[16:36:57]   [白名单] 跳过: PDF
[16:36:57]   [白名单] 跳过: PDF
[16:36:57]   [白名单] 跳过: PDF
[16:37:00]   [白名单] 跳过: PDF
[16:37:00]   [白名单] 跳过: PDF
[16:37:00]   [白名单] 跳过: PDF
[16:37:03]   [白名单] 跳过: PDF
[16:37:03]   [白名单] 跳过: PDF
[16:37:03]   [白名单] 跳过: PDF
[16:37:34]   [白名单] 跳过: PDF
[16:37:34]   [白名单] 跳过: PDF
[16:37:34]   [白名单] 跳过: PDF
[16:37:37]   [白名单] 跳过: WorkBuddy:
[16:37:40]   [白名单] 跳过: WorkBuddy:
[16:37:40] 📩 未读联系人: ['AiLy李155025']
[16:37:40] ▶ 处理: AiLy李155025
[16:37:40]   [搜索] Ctrl+F 搜索: AiLy李155025
[16:37:44]   [搜索] 找到结果: 'AiLy李15502540306' @ (238, 322)
[16:37:51]   [other] 本地磁盘（C)
[16:37:51]   [other] :40
[16:37:51]   [other] 软件安装(D:
[16:37:51]   请求 AI 回复...
[16:37:51]   [任务] 已写入，等待 WorkBuddy 回复（超时 90s）...
[16:39:21]   [超时] 等待回复超过 90s，跳过
[16:39:24]   [白名单] 跳过: PDF
[16:39:24]   [白名单] 跳过: PDF
[16:39:24]   [白名单] 跳过: PDF
[16:40:00]   [白名单] 跳过: PDF
[16:40:00]   [白名单] 跳过: PDF
[16:40:01]   [白名单] 跳过: PDF
[16:44:01]   [白名单] 跳过: PDF
[16:44:01]   [白名单] 跳过: PDF
[16:44:01]   [白名单] 跳过: PDF
[16:49:56]   [白名单] 跳过: PDF
[16:49:56]   [白名单] 跳过: PDF
[16:49:56]   [白名单] 跳过: PDF
[16:49:59]   [白名单] 跳过: PDF
[16:50:00]   [白名单] 跳过: PDF
[16:50:00]   [白名单] 跳过: PDF
[16:50:30]   [白名单] 跳过: PDF
[16:50:30]   [白名单] 跳过: PDF
[16:50:30]   [白名单] 跳过: PDF
[16:51:31]   [白名单] 跳过: 目文档
[16:51:49]   [白名单] 跳过: 目文档
[16:51:52]   [白名单] 跳过: 目文档
[16:51:55]   [白名单] 跳过: 目文档
[16:51:58]   [白名单] 跳过: 目文档
[16:52:02]   [白名单] 跳过: 目文档
[16:52:05]   [白名单] 跳过: 目文档
[16:52:08]   [白名单] 跳过: 目文档
[16:52:11]   [白名单] 跳过: 目文档
[16:52:14]   [白名单] 跳过: 目文档
[16:52:23]   [白名单] 跳过: PDF
[16:52:23]   [白名单] 跳过: PDF
[16:52:23]   [白名单] 跳过: PDF
[16:52:29]   [白名单] 跳过: PDF
[16:52:29]   [白名单] 跳过: PDF
[16:52:29]   [白名单] 跳过: PDF
[16:52:33]   [白名单] 跳过: PDF
[16:52:33]   [白名单] 跳过: PDF
[16:52:33]   [白名单] 跳过: PDF
[16:52:42]   [白名单] 跳过: PDF
[16:52:42]   [白名单] 跳过: PDF
[16:52:42]   [白名单] 跳过: PDF
[16:52:54]   [白名单] 跳过: PDF
[16:52:54]   [白名单] 跳过: PDF
[16:52:54]   [白名单] 跳过: PDF
[16:54:34]   [白名单] 跳过: PDF
[16:54:34]   [白名单] 跳过: PDF
[16:54:35]   [白名单] 跳过: PDF
[16:54:50]   [白名单] 跳过: PDF
[16:54:53]   [白名单] 跳过: PDF
[16:54:53]   [白名单] 跳过: PDF
[16:54:53]   [白名单] 跳过: PDF
[16:54:56]   [白名单] 跳过: 产品图片
[16:54:56]   [白名单] 跳过: PDF
[16:54:56]   [白名单] 跳过: PDF
[16:54:56]   [白名单] 跳过: PDF
[16:54:59]   [白名单] 跳过: AiLy 李15502540306
[16:55:03]   [白名单] 跳过: AiLy 李15502540306
[16:55:06]   [白名单] 跳过: AiLy 李15502540306
[16:55:09] 📩 未读联系人: ['AiLy李15502540306']
[16:55:09] ▶ 处理: AiLy李15502540306
[16:55:10]   [搜索] Ctrl+F 搜索: AiLy李15502540306
[16:55:13]   [搜索] 找到结果: 'AiLy李15502540306' @ (152, 337)
[16:55:17]   [self] check_dep
[16:55:17]   [self] exports.py
[16:55:17]   [self] 列表4/4
[16:55:17]   最后一条是自己发的，无需回复
[16:55:20] 📩 未读联系人: ['AiLy李15502540306']
[16:55:20]   [冷却] AiLy李15502540306 距上次处理 3s，跳过
[16:55:26] 📩 未读联系人: ['AiLy李15502540306']
[16:55:26]   [冷却] AiLy李15502540306 距上次处理 9s，跳过
[16:55:32] 📩 未读联系人: ['AiLy李15502540306']
[16:55:32]   [冷却] AiLy李15502540306 距上次处理 15s，跳过
[16:55:48] 📩 未读联系人: ['AiLy李15502540306']
[16:55:48]   [冷却] AiLy李15502540306 距上次处理 30s，跳过
[16:56:51] 📩 未读联系人: ['AiLy李15502540306']
[16:56:51] ▶ 处理: AiLy李15502540306
[16:56:52]   [搜索] Ctrl+F 搜索: AiLy李15502540306
[16:56:55]   [搜索] 找到结果: '1' @ (74, 260)
[16:56:58]   [self] 像）微信电脑版
[16:56:58]   [other] 收到
[16:56:58]   [other] Y
[16:56:58]   请求 AI 回复...
[16:56:58]   [任务] 已写入，等待 WorkBuddy 回复（超时 90s）...
[16:58:28]   [超时] 等待回复超过 90s，跳过
[16:58:31]   [白名单] 跳过: 扬腾升
[16:58:31]   [白名单] 跳过: WorkB
[16:58:31] 📩 未读联系人: ['AiLy']
[16:58:31] ▶ 处理: AiLy
[16:58:32]   [搜索] Ctrl+F 搜索: AiLy
[16:58:35]   [搜索] 找到结果: 'AiLy李15502540306' @ (290, 272)
[16:58:38]   [other] 必得1
[16:58:38]   [other] this sign ...
[16:58:38]   [other] ？不是为..
[16:58:38]   请求 AI 回复...
[16:58:38]   [任务] 已写入，等待 WorkBuddy 回复（超时 90s）...
[17:00:08]   [超时] 等待回复超过 90s，跳过
[17:00:11]   [白名单] 跳过: WorkB
[17:00:11] 📩 未读联系人: ['AiLy李']
[17:00:11] ▶ 处理: AiLy李
[17:00:12]   [搜索] Ctrl+F 搜索: AiLy李
[17:00:15]   [搜索] 找到结果: 'AiLy李15502540306' @ (299, 290)
[17:00:18]   [other] 收到
[17:00:18]   [other] ？不是为...
[17:00:18]   [other] 白
[17:00:18]   请求 AI 回复...
[17:00:18]   [任务] 已写入，等待 WorkBuddy 回复（超时 90s）...
[17:01:48]   [超时] 等待回复超过 90s，跳过
[17:01:52]   [白名单] 跳过: PDF
[17:01:52]   [白名单] 跳过: PDF
[17:01:52]   [白名单] 跳过: PDF
[17:04:33]   [白名单] 跳过: 新建
[17:04:33]   [白名单] 跳过: WorkB
[17:04:39]   [白名单] 跳过: 新建
[17:04:39]   [白名单] 跳过: WorkB
[17:05:10]   [白名单] 跳过: AiLy:
[17:05:10]   [白名单] 跳过: WorkB
[17:05:22]   [白名单] 跳过: AiLy:
[17:05:22]   [白名单] 跳过: WorkB
[17:05:25]   [白名单] 跳过: AiLy:
[17:05:25]   [白名单] 跳过: WorkB
[17:06:11]   [白名单] 跳过: WorkB
[17:06:11] 📩 未读联系人: ['AiLy']
[17:06:11] ▶ 处理: AiLy
[17:06:11]   [搜索] Ctrl+F 搜索: AiLy
[17:06:14]   [搜索] 找到结果: 'AiLy李15502540306' @ (301, 300)
[17:06:18]   [self] 微信电脑版
[17:06:18]   [other] 收到
[17:06:18]   [other] 白
[17:06:18]   请求 AI 回复...
[17:06:18]   [任务] 已写入，等待 WorkBuddy 回复（超时 90s）...
[17:07:48]   [超时] 等待回复超过 90s，跳过
[17:07:51]   [白名单] 跳过: WorkBuddy
[17:07:51] 📩 未读联系人: ['AiLy李155']
[17:07:51] ▶ 处理: AiLy李155
[17:07:52]   [搜索] Ctrl+F 搜索: AiLy李155
[17:07:55]   [搜索] 找到结果: 'AiLy李15502540306' @ (260, 292)
[17:07:58]   [other] mun..
[17:07:58]   [other] sign.
[17:07:58]   [other] 为.
[17:07:58]   请求 AI 回复...
[17:07:58]   [任务] 已写入，等待 WorkBuddy 回复（超时 90s）...
[17:09:28]   [超时] 等待回复超过 90s，跳过
[17:09:32]   [白名单] 跳过: WorkBuddy
[17:09:32] 📩 未读联系人: ['AiLy李155']
[17:09:32]   [冷却] AiLy李155 距上次处理 3s，跳过
[17:09:35]   [白名单] 跳过: WorkBuddy
[17:09:35] 📩 未读联系人: ['AiLy李155']
[17:09:35]   [冷却] AiLy李155 距上次处理 6s，跳过
[17:09:50]   [白名单] 跳过: WorkBuddy
[17:09:50] 📩 未读联系人: ['AiLy李155']
[17:09:50]   [冷却] AiLy李155 距上次处理 21s，跳过
[17:09:53]   [白名单] 跳过: WorkBuddy
[17:09:53] 📩 未读联系人: ['AiLy李155']
[17:09:53]   [冷却] AiLy李155 距上次处理 24s，跳过
[17:10:57]   [白名单] 跳过: WorkBuddy
[17:10:57] 📩 未读联系人: ['AiLy李155']
[17:10:57] ▶ 处理: AiLy李155
[17:10:58]   [搜索] Ctrl+F 搜索: AiLy李155
[17:11:01]   [搜索] 找到结果: '5' @ (103, 343)
[17:11:05]   [self] 语音聊天
[17:11:05]   [other] 发消息
[17:11:05]   [self] 视频聊天
[17:11:05]   最后一条是自己发的，无需回复
[17:11:11]   [白名单] 跳过: WorkBuddy
[17:11:11] 📩 未读联系人: ['AiLy李155']
[17:11:11]   [冷却] AiLy李155 距上次处理 6s，跳过
[17:11:14]   [白名单] 跳过: WorkBuddy
[17:11:14] 📩 未读联系人: ['AiLy李155']
[17:11:14]   [冷却] AiLy李155 距上次处理 9s，跳过
[17:11:26]   [白名单] 跳过: WorkBuddy
[17:11:26] 📩 未读联系人: ['AiLy李155']
[17:11:26]   [冷却] AiLy李155 距上次处理 21s，跳过
[17:13:31]   [白名单] 跳过: 扬腾开隆身
[17:13:31]   [白名单] 跳过: WorkBuddy
[17:13:31] 📩 未读联系人: ['AiLy李155']
[17:13:31] ▶ 处理: AiLy李155
[17:13:32]   [搜索] Ctrl+F 搜索: AiLy李155
[17:13:35]   [搜索] 找到结果: 'AiLy李15502540306' @ (270, 311)
[17:13:40]   [self] 任务
[17:13:40]   [other] 觅成都
[17:13:40]   [self] 所有任务已完成
[17:13:40]   最后一条是自己发的，无需回复
[17:13:44]   [白名单] 跳过: WorkBuddy
[17:13:44] 📩 未读联系人: ['AiLy李155']
[17:13:44]   [冷却] AiLy李155 距上次处理 3s，跳过
[17:17:29]   [白名单] 跳过: 肠腾升降桌
[17:17:29]   [白名单] 跳过: WorkBuddy
[17:17:29] 📩 未读联系人: ['AiLy李155']
[17:17:29] ▶ 处理: AiLy李155
[17:17:29]   [搜索] Ctrl+F 搜索: AiLy李155
[17:17:32]   [搜索] 找到结果: 'AiLy李15502540306:[图片]' @ (268, 450)
[17:17:37]   [self] 任务
[17:17:37]   [other] 觅成都
[17:17:37]   [self] 所有任务已完成
[17:17:37]   最后一条是自己发的，无需回复
[17:17:40]   [白名单] 跳过: 肠腾升降桌
[17:17:40]   [白名单] 跳过: WorkBuddy
[17:17:40] 📩 未读联系人: ['AiLy李155']
[17:17:40]   [冷却] AiLy李155 距上次处理 3s，跳过
[17:17:44]   [白名单] 跳过: WorkBuddy
[17:17:44] 📩 未读联系人: ['腾升降桌', 'AiLy李155']
[17:17:44] ▶ 处理: 腾升降桌
[17:17:44]   [搜索] Ctrl+F 搜索: 腾升降桌
[17:17:48]   [搜索] 找到结果: '腾升降桌工厂' @ (242, 360)
[17:17:51]   [other] 问.
[17:17:51]   [other] 2..
[17:17:51]   [other] sign ...
[17:17:51]   请求 AI 回复...
[17:17:51]   [任务] 已写入，等待 WorkBuddy 回复（超时 90s）...
[17:19:21]   [超时] 等待回复超过 90s，跳过
[17:19:21]   [冷却] AiLy李155 距上次处理 6s，跳过
[17:19:25]   [白名单] 跳过: WorkBuddy
[17:19:25] 📩 未读联系人: ['AiLy李155']
[17:19:25] ▶ 处理: AiLy李155
[17:19:25]   [搜索] Ctrl+F 搜索: AiLy李155
[17:19:28]   [搜索] 找到结果: 'AiLy李15502540306' @ (259, 292)
[17:19:32]   [other] 问.
[17:19:32]   [other] 2..
[17:19:32]   [other] sign ...
[17:19:32]   请求 AI 回复...
[17:19:32]   [任务] 已写入，等待 WorkBuddy 回复（超时 90s）...
[17:21:02]   [超时] 等待回复超过 90s，跳过
[17:21:05]   [白名单] 跳过: WorkBuddy
[17:21:05] 📩 未读联系人: ['AiLy李155']
[17:21:05]   [冷却] AiLy李155 距上次处理 3s，跳过
[17:21:08]   [白名单] 跳过: WorkBuddy
[17:21:08] 📩 未读联系人: ['AiLy李155']
[17:21:08]   [冷却] AiLy李155 距上次处理 6s，跳过
[17:21:20]   [白名单] 跳过: WorkBuddy
[17:21:20] 📩 未读联系人: ['AiLy李155']
[17:21:20]   [冷却] AiLy李155 距上次处理 18s，跳过
[17:21:24]   [白名单] 跳过: WorkBuddy
[17:21:24] 📩 未读联系人: ['AiLy李155']
[17:21:24]   [冷却] AiLy李155 距上次处理 21s，跳过
[17:21:30]   [白名单] 跳过: WorkBuddy
[17:21:30] 📩 未读联系人: ['AiLy李155']
[17:21:30]   [冷却] AiLy李155 距上次处理 27s，跳过
[17:21:48]   [白名单] 跳过: WorkBuddy
[17:21:48] 📩 未读联系人: ['AiLy李155']
[17:21:48]   [冷却] AiLy李155 距上次处理 46s，跳过
[17:22:13]   [白名单] 跳过: WorkBuddy
[17:22:13] 📩 未读联系人: ['AiLy李155']
[17:22:13] ▶ 处理: AiLy李155
[17:22:13]   [搜索] Ctrl+F 搜索: AiLy李155
[17:22:16]   [搜索] 找到结果: 'AiLy李15502540306' @ (270, 311)
[17:22:20]   [self] 其实还有一种办法还有就是内存中取KEY获取聊天数据
[17:22:20]   [other] sign ...
[17:22:20]   [self] 但是这种方法有风险
[17:22:20]   最后一条是自己发的，无需回复
[17:22:23]   [白名单] 跳过: WorkBuddy
[17:22:23] 📩 未读联系人: ['AiLy李155']
[17:22:23]   [冷却] AiLy李155 距上次处理 3s，跳过
[17:22:26]   [白名单] 跳过: WorkBu
[17:22:26] 📩 未读联系人: ['AiLy李']
[17:22:26] ▶ 处理: AiLy李
[17:22:26]   [搜索] Ctrl+F 搜索: AiLy李
[17:22:32]   [搜索] 找到结果: 'AiLy李15502540306' @ (270, 276)
[17:22:37]   [other] nclxkg
[17:22:37]   [other] U口
[17:22:37]   [other] 是为.
[17:22:37]   请求 AI 回复...
[17:22:37]   [任务] 已写入，等待 WorkBuddy 回复（超时 90s）...
[17:24:07]   [超时] 等待回复超过 90s，跳过
[17:24:10]   [白名单] 跳过: WorkBuddy
[17:24:10] 📩 未读联系人: ['AiLy李155']
[17:24:10] ▶ 处理: AiLy李155
[17:24:11]   [搜索] Ctrl+F 搜索: AiLy李155
[17:24:14]   [搜索] 找到结果: 'AiLy李15502540306' @ (260, 325)
[17:24:18]   [self] 但是这种方法有风险
[17:24:18]   [other] UY口
[17:24:18]   [other] 是为.
[17:24:18]   请求 AI 回复...
[17:24:18]   [任务] 已写入，等待 WorkBuddy 回复（超时 90s）...
[17:25:48]   [超时] 等待回复超过 90s，跳过
[17:25:51]   [白名单] 跳过: WorkBuddy
[17:25:51] 📩 未读联系人: ['AiLy李155']
[17:25:51]   [冷却] AiLy李155 距上次处理 3s，跳过
[17:25:54]   [白名单] 跳过: WorkBuddy
[17:25:54] 📩 未读联系人: ['AiLy李155']
[17:25:54]   [冷却] AiLy李155 距上次处理 6s，跳过
[17:25:57]   [白名单] 跳过: WorkBuddy
[17:25:57] 📩 未读联系人: ['AiLy李155']
[17:25:57]   [冷却] AiLy李155 距上次处理 9s，跳过
[17:27:04]   [白名单] 跳过: PDF
[17:27:04]   [白名单] 跳过: PDF
[17:27:04]   [白名单] 跳过: PDF
[17:27:09]   [白名单] 跳过: WorkBuddy:
[17:27:09] 📩 未读联系人: ['AiLy李1550']
[17:27:09] ▶ 处理: AiLy李1550
[17:27:09]   [搜索] Ctrl+F 搜索: AiLy李1550
[17:27:17]   [搜索] 找到结果: 'AiLy李15502540306' @ (247, 334)
[17:27:21]   [other] 畅腾
[17:27:21]   [other] n
[17:27:21]   请求 AI 回复...
[17:27:21]   [任务] 已写入，等待 WorkBuddy 回复（超时 90s）...
[17:28:51]   [超时] 等待回复超过 90s，跳过
[17:28:54]   [白名单] 跳过: WorkBuddy:
[17:28:54] 📩 未读联系人: ['AiLy李1550']
[17:28:54]   [冷却] AiLy李1550 距上次处理 3s，跳过
[17:30:15]   [白名单] 跳过: 杨腾开隆
[17:30:15]   [白名单] 跳过: WorkBuddy:
[17:30:15] 📩 未读联系人: ['AiLy李1550']
[17:30:15] ▶ 处理: AiLy李1550
[17:30:15]   [搜索] Ctrl+F 搜索: AiLy李1550
[17:30:18]   [搜索] 找到结果: 'AiLy李15502540306' @ (257, 285)
[17:30:21]   [other] 春节长假
[17:30:21]   [other] 女吃的
[17:30:21]   [other] 0
[17:30:21]   请求 AI 回复...
[17:30:21]   [任务] 已写入，等待 WorkBuddy 回复（超时 90s）...
[17:31:52]   [超时] 等待回复超过 90s，跳过
[17:31:55]   [白名单] 跳过: WorkBuddy:
[17:31:55] 📩 未读联系人: ['AiLy李15502']
[17:31:55] ▶ 处理: AiLy李15502
[17:31:55]   [搜索] Ctrl+F 搜索: AiLy李15502
[17:31:58]   [搜索] 找到结果: 'AiLy李15502540306:[图片]' @ (257, 493)
[17:32:02]   [other] AiLy李15502540306
[17:32:02]   [other] n..88, BRI
[17:32:02]   [other] 0Y
[17:32:02]   请求 AI 回复...
[17:32:02]   [任务] 已写入，等待 WorkBuddy 回复（超时 90s）...
[17:33:32]   [超时] 等待回复超过 90s，跳过
[17:33:36]   [白名单] 跳过: WorkBuddy:
[17:33:36] 📩 未读联系人: ['AiLy李1550']
[17:33:36] ▶ 处理: AiLy李1550
[17:33:36]   [搜索] Ctrl+F 搜索: AiLy李1550
[17:33:40]   [搜索] 找到结果: 'AiLy李15502540306' @ (248, 267)
[17:33:43]   [other] 可....
[17:33:43]   [other] 可..
[17:33:43]   请求 AI 回复...
[17:33:43]   [任务] 已写入，等待 WorkBuddy 回复（超时 90s）...
[17:35:13]   [超时] 等待回复超过 90s，跳过
[17:35:16]   [白名单] 跳过: WorkBuddy:
[17:35:16] 📩 未读联系人: ['AiLy李15502']
[17:35:16] ▶ 处理: AiLy李15502
[17:35:16]   [搜索] Ctrl+F 搜索: AiLy李15502
[17:35:20]   [搜索] 找到结果: 'AiLy李15502540306' @ (248, 267)
[17:35:24]   [other] 不知道啊，我要看一下刚才它装了哪个，可能会引起这个
[17:35:24]   [other] 机制
[17:35:24]   [other] 0YX
[17:35:24]   请求 AI 回复...
[17:35:24]   [任务] 已写入，等待 WorkBuddy 回复（超时 90s）...
[17:36:54]   [超时] 等待回复超过 90s，跳过
[17:36:57]   [白名单] 跳过: WorkBuddy:
[17:36:57] 📩 未读联系人: ['AiLy李1550']
[17:36:57] ▶ 处理: AiLy李1550
[17:36:57]   [搜索] Ctrl+F 搜索: AiLy李1550
[17:37:01]   [搜索] 找到结果: 'AiLy李15502540306' @ (248, 335)
[17:37:05]   [self] 思考中...
[17:37:05]   [self] AI根据聊天历史回复客户1天前
[17:37:05]   [other] gn ...
[17:37:05]   请求 AI 回复...
[17:37:05]   [任务] 已写入，等待 WorkBuddy 回复（超时 90s）...
[17:38:35]   [超时] 等待回复超过 90s，跳过
[17:38:38]   [白名单] 跳过: PDF
[17:38:38]   [白名单] 跳过: PDF
[17:38:38]   [白名单] 跳过: AiLy 李15502540306
[17:39:03]   [白名单] 跳过: PDF
[17:39:03]   [白名单] 跳过: PDF
[17:39:03]   [白名单] 跳过: AiLy 李15502540306
[17:39:03]   [白名单] 跳过: AL
[17:39:03]   [白名单] 跳过: 淘宝闪购【佛山】大大领补
[17:39:06]   [白名单] 跳过: PDF
[17:39:07]   [白名单] 跳过: PDF
[17:39:07]   [白名单] 跳过: AiLy 李15502540306
[17:39:07]   [白名单] 跳过: AL
[17:39:07]   [白名单] 跳过: 淘宝闪购【佛山】大大领补
[17:41:23]   [白名单] 跳过: PDF
[17:41:24]   [白名单] 跳过: PDF
[17:41:24]   [白名单] 跳过: 图片
[17:41:24] 📩 未读联系人: ['AiLy李15502540306', '畅腾升降桌工厂', '4条淘宝内购福利官代双：链接']
[17:41:24] ▶ 处理: AiLy李15502540306
[17:41:25]   [搜索] Ctrl+F 搜索: AiLy李15502540306
[17:41:28]   [搜索] 找到结果: 'AiLy李1' @ (385, 473)
[17:41:32]   [self] powershell
[17:41:32]   [other] 机制
[17:41:32]   [self] 考中
[17:41:32]   最后一条是自己发的，无需回复
[17:41:32] ▶ 处理: 畅腾升降桌工厂
[17:41:33]   [搜索] Ctrl+F 搜索: 畅腾升降桌工厂
[17:41:36]   [搜索] 找到结果: '畅腾升降桌工厂' @ (106, 474)
[17:41:39]   [self] powershell
[17:41:39]   [other] 机制
[17:41:39]   [self] 考中
[17:41:39]   最后一条是自己发的，无需回复
[17:41:39] ▶ 处理: 4条淘宝内购福利官代双：链接
[17:41:40]   [搜索] Ctrl+F 搜索: 4条淘宝内购福利官代双：链接
[17:41:43]   [搜索] 找到结果: 'Q4条淘宝内购福利官代双：链接' @ (139, 474)
[17:41:47]   [self] 已读取CA
[17:41:47]   [other] 机制
[17:41:47]   [self] 考中
[17:41:47]   最后一条是自己发的，无需回复
[17:41:50]   [白名单] 跳过: PDF
[17:41:50]   [白名单] 跳过: PDF
[17:41:50]   [白名单] 跳过: AiLy 李15502540306
[17:41:50]   [白名单] 跳过: 图片
[17:41:51] 📩 未读联系人: ['畅腾升降桌工厂', '4条淘宝内购福利官代双：链接']
[17:41:51]   [冷却] 畅腾升降桌工厂 距上次处理 11s，跳过
[17:41:51]   [冷却] 4条淘宝内购福利官代双：链接 距上次处理 3s，跳过
[17:41:54]   [白名单] 跳过: 场腾升降桌工厂
[17:41:54] 📩 未读联系人: ['条]淘宝闪购福利官代双：[链接]']
[17:41:54] ▶ 处理: 条]淘宝闪购福利官代双：[链接]
[17:41:55]   [搜索] Ctrl+F 搜索: 条]淘宝闪购福利官代双：[链接]
[17:41:58]   [搜索] 找到结果: '[4条]淘宝闪购福利官代双：[链接]最高2.' @ (188, 443)
[17:42:02]   [self] wechat
[17:42:02]   [self] 文件变更（36个
[17:42:02]   [self] export_sii发送（S）
[17:42:02]   最后一条是自己发的，无需回复
[17:42:06]   [白名单] 跳过: 场腾升降桌工厂
[17:42:06] 📩 未读联系人: ['条]淘宝闪购福利官代双：[链接]']
[17:42:06]   [冷却] 条]淘宝闪购福利官代双：[链接] 距上次处理 3s，跳过
[17:42:48]   [白名单] 跳过: 场腾升降桌工厂
[17:42:49] 📩 未读联系人: ['条]淘宝闪购福利官代双：[链接]']
[17:42:49]   [冷却] 条]淘宝闪购福利官代双：[链接] 距上次处理 46s，跳过
[17:43:28]   [白名单] 跳过: PDF
[17:43:28]   [白名单] 跳过: PDF
[17:43:28]   [白名单] 跳过: PDF
[17:43:34]   [白名单] 跳过: 场腾升降桌工厂
[17:43:34] 📩 未读联系人: ['条]淘宝闪购福利官代双：[链接]']
[17:43:34] ▶ 处理: 条]淘宝闪购福利官代双：[链接]
[17:43:35]   [搜索] Ctrl+F 搜索: 条]淘宝闪购福利官代双：[链接]
[17:43:38]   [搜索] 找到结果: '[4条]淘宝闪购福利官代双：[链接]最高2.' @ (188, 443)
[17:43:41]   [self] A1/2厂区直招晚晚173114
[17:43:41]   [other] ...
[17:43:41]   [self] 发送（S）
[17:43:41]   最后一条是自己发的，无需回复
[17:43:45]   [白名单] 跳过: Q邮箱提醒
[17:43:45] 📩 未读联系人: ['iLy李15502540306', '腾升降桌工厂']
[17:43:45] ▶ 处理: iLy李15502540306
[17:43:45]   [搜索] Ctrl+F 搜索: iLy李15502540306
[17:43:48]   [搜索] 找到结果: 'AiLy李15502540306' @ (144, 285)
[17:43:52]   未识别到消息，跳过
[17:43:52] ▶ 处理: 腾升降桌工厂
[17:43:52]   [搜索] Ctrl+F 搜索: 腾升降桌工厂
[17:43:55]   [搜索] 找到结果: '腾升降桌工厂' @ (95, 260)
[17:43:59]   [self] 微信窗口
[17:43:59]   [self] 输出目录
[17:43:59]   [self] [1/160]开
[17:43:59]   最后一条是自己发的，无需回复
[17:44:02] 📩 未读联系人: ['iLy李15502540306']
[17:44:02]   [冷却] iLy李15502540306 距上次处理 10s，跳过
[17:44:36] 📩 未读联系人: ['iLy李15502540306']
[17:44:36]   [冷却] iLy李15502540306 距上次处理 44s，跳过
[17:44:40]   [白名单] 跳过: PDF
[17:44:40]   [白名单] 跳过: PDF
[17:44:40]   [白名单] 跳过: PDF
[17:44:49]   [白名单] 跳过: +新建
[17:44:49]   [白名单] 跳过: 工V
[17:44:49]   [白名单] 跳过: 下载
[17:44:52]   [白名单] 跳过: +新建
[17:44:53]   [白名单] 跳过: 工V
[17:44:53]   [白名单] 跳过: 下载
[17:44:56]   [白名单] 跳过: +新建
[17:44:56]   [白名单] 跳过: 工V
[17:44:56]   [白名单] 跳过: 下载
[17:44:59]   [白名单] 跳过: +新建
[17:44:59]   [白名单] 跳过: 工V
[17:44:59]   [白名单] 跳过: 下载
[17:45:02]   [白名单] 跳过: +新建
[17:45:02]   [白名单] 跳过: 工V
[17:45:02]   [白名单] 跳过: 下载
[17:45:05]   [白名单] 跳过: +新建
[17:45:05]   [白名单] 跳过: 工V
[17:45:05]   [白名单] 跳过: 下载
[17:45:12] 📩 未读联系人: ['iLy李15502540306']
[17:45:12] ▶ 处理: iLy李15502540306
[17:45:12]   [搜索] Ctrl+F 搜索: iLy李15502540306
[17:45:15]   [搜索] 找到结果: 'AiLy李15502540306' @ (143, 285)
[17:45:19]   [other] 比较麻哈哈
[17:45:19]   [other] D
[17:45:19]   [self] 发送（S）
[17:45:19]   最后一条是自己发的，无需回复
[17:45:22]   [白名单] 跳过: iLy李15502540306:[图片]
[17:45:22] 📩 未读联系人: ['iLy李15502540306']
[17:45:22]   [冷却] iLy李15502540306 距上次处理 3s，跳过
[17:45:26]   [白名单] 跳过: 师讲养生的内容有哪些
[17:45:26]   [白名单] 跳过: iLy李15502540306:[图片]
[17:45:26] 📩 未读联系人: ['老师']
[17:45:26] ▶ 处理: 老师
[17:45:26]   [搜索] Ctrl+F 搜索: 老师
[17:45:30]   [搜索] 找到结果: '老师' @ (364, 667)
[17:45:33]   [self] 导出_202603
[17:45:33]   [other] U
[17:45:33]   [self] 发送(S)
[17:45:33]   最后一条是自己发的，无需回复
[17:45:37] 📩 未读联系人: ['iLy李15502540306']
[17:45:37]   [冷却] iLy李15502540306 距上次处理 17s，跳过
[17:45:43] 📩 未读联系人: ['iLy李15502540306']
[17:45:43]   [冷却] iLy李15502540306 距上次处理 23s，跳过
[17:46:01] 📩 未读联系人: ['iLy李15502540306']
[17:46:01]   [冷却] iLy李15502540306 距上次处理 42s，跳过
[17:46:04]   [白名单] 跳过: PDF
[17:46:04]   [白名单] 跳过: PDF
[17:46:05]   [白名单] 跳过: PDF
[17:46:17]   [白名单] 跳过: +新建
[17:46:17]   [白名单] 跳过: 工V
[17:46:17]   [白名单] 跳过: 下载
[17:46:20]   [白名单] 跳过: +新建
[17:46:20]   [白名单] 跳过: 工V
[17:46:20]   [白名单] 跳过: 下载
[17:46:23]   [白名单] 跳过: PDF
[17:46:23]   [白名单] 跳过: PDF
[17:46:23]   [白名单] 跳过: PDF
[17:47:39] 📩 未读联系人: ['iLy李15502540306']
[17:47:39] ▶ 处理: iLy李15502540306
[17:47:40]   [搜索] Ctrl+F 搜索: iLy李15502540306
[17:47:43]   [搜索] 找到结果: 'AiLy李15502540306' @ (144, 422)
[17:47:47]   [other] 比较麻哈哈
[17:47:47]   [other] DX
[17:47:47]   [self] 发送（S）
[17:47:47]   最后一条是自己发的，无需回复
[17:47:50] 📩 未读联系人: ['iLy李15502540306']
[17:47:50]   [冷却] iLy李15502540306 距上次处理 3s，跳过
[17:47:53] 📩 未读联系人: ['iLy李15502540306']
[17:47:53]   [冷却] iLy李15502540306 距上次处理 6s，跳过
[17:48:05] 📩 未读联系人: ['iLy李15502540306']
[17:48:05]   [冷却] iLy李15502540306 距上次处理 18s，跳过
[17:48:54]   [白名单] 跳过: PDF
[17:48:54]   [白名单] 跳过: PDF
[17:48:54]   [白名单] 跳过: PDF
[17:48:54]   [白名单] 跳过: 近365数字
[17:48:57]   [白名单] 跳过: PDF
[17:48:57]   [白名单] 跳过: PDF
[17:48:57]   [白名单] 跳过: PDF
[17:49:10]   [白名单] 跳过: PDF
[17:49:10]   [白名单] 跳过: PDF
[17:49:10]   [白名单] 跳过: PDF
[17:49:13]   [白名单] 跳过: PDF
[17:49:13]   [白名单] 跳过: PDF
[17:49:13]   [白名单] 跳过: PDF
[17:49:13]   [白名单] 跳过: 近365数字
[17:49:16]   [白名单] 跳过: PDF
[17:49:16]   [白名单] 跳过: PDF
[17:49:16]   [白名单] 跳过: PDF
[17:49:19]   [白名单] 跳过: PDF
[17:49:19]   [白名单] 跳过: PDF
[17:49:20]   [白名单] 跳过: PDF
[17:49:23]   [白名单] 跳过: PDF
[17:49:23]   [白名单] 跳过: PDF
[17:49:23]   [白名单] 跳过: PDF
[17:49:26]   [白名单] 跳过: PDF
[17:49:26]   [白名单] 跳过: PDF
[17:49:26]   [白名单] 跳过: PDF
[17:49:26]   [白名单] 跳过: 销人群画
[17:49:26]   [白名单] 跳过: 长万案
[17:49:29]   [白名单] 跳过: PDF
[17:49:29]   [白名单] 跳过: PDF
[17:49:29]   [白名单] 跳过: PDF
[17:49:32]   [白名单] 跳过: PDF
[17:49:33]   [白名单] 跳过: PDF
[17:49:33]   [白名单] 跳过: PDF
[17:49:36]   [白名单] 跳过: PDF
[17:49:36]   [白名单] 跳过: PDF
[17:49:36]   [白名单] 跳过: PDF
[17:49:39]   [白名单] 跳过: PDF
[17:49:39]   [白名单] 跳过: PDF
[17:49:39]   [白名单] 跳过: PDF
[17:49:42]   [白名单] 跳过: PDF
[17:49:42]   [白名单] 跳过: PDF
[17:49:42]   [白名单] 跳过: PDF
[17:49:42]   [白名单] 跳过: 近365数字
[17:49:46]   [白名单] 跳过: PDF
[17:49:46]   [白名单] 跳过: PDF
[17:49:46]   [白名单] 跳过: PDF
[17:49:49]   [白名单] 跳过: PDF
[17:49:49]   [白名单] 跳过: PDF
[17:49:49]   [白名单] 跳过: PDF
[17:49:52]   [白名单] 跳过: PDF
[17:49:52]   [白名单] 跳过: PDF
[17:49:52]   [白名单] 跳过: PDF
[17:49:55]   [白名单] 跳过: PDF
[17:49:55]   [白名单] 跳过: PDF
[17:49:59]   [白名单] 跳过: PDF
[17:49:59]   [白名单] 跳过: PDF
[17:49:59]   [白名单] 跳过: PDF
[17:50:02]   [白名单] 跳过: PDF
[17:50:02]   [白名单] 跳过: PDF
[17:50:02]   [白名单] 跳过: PDF
[17:50:05]   [白名单] 跳过: PDF
[17:50:05]   [白名单] 跳过: PDF
[17:50:05]   [白名单] 跳过: PDF
[17:50:05]   [白名单] 跳过: 688平台商
[17:50:08]   [白名单] 跳过: PDF
[17:50:09]   [白名单] 跳过: PDF
[17:50:09]   [白名单] 跳过: 新建文件夹
[17:50:09]   [白名单] 跳过: PDF
[17:50:12]   [白名单] 跳过: PDF
[17:50:12]   [白名单] 跳过: PDF
[17:50:12]   [白名单] 跳过: PDF
[17:50:15]   [白名单] 跳过: PDF
[17:50:15]   [白名单] 跳过: PDF
[17:50:15]   [白名单] 跳过: PDF
[17:50:18]   [白名单] 跳过: PDF
[17:50:18]   [白名单] 跳过: PDF
[17:50:18]   [白名单] 跳过: 新建文件卖
[17:50:18]   [白名单] 跳过: PDF
[17:50:21]   [白名单] 跳过: PDF
[17:50:22]   [白名单] 跳过: PDF
[17:50:22]   [白名单] 跳过: PDF
[17:50:25]   [白名单] 跳过: PDF
[17:50:25]   [白名单] 跳过: PDF
[17:50:25]   [白名单] 跳过: PDF
[17:50:28]   [白名单] 跳过: PDF
[17:50:28]   [白名单] 跳过: PDF
[17:50:28]   [白名单] 跳过: PDF
[17:50:31]   [白名单] 跳过: PDF
[17:50:31]   [白名单] 跳过: PDF
[17:50:31]   [白名单] 跳过: PDF
[17:50:34]   [白名单] 跳过: PDF
[17:50:34]   [白名单] 跳过: PDF
[17:50:34]   [白名单] 跳过: PDF
[17:50:38]   [白名单] 跳过: PDF
[17:50:38]   [白名单] 跳过: PDF
[17:50:38]   [白名单] 跳过: PDF
[17:50:41]   [白名单] 跳过: PDF
[17:50:41]   [白名单] 跳过: PDF
[17:50:41]   [白名单] 跳过: PDF
[17:50:44]   [白名单] 跳过: PDF
[17:50:44]   [白名单] 跳过: PDF
[17:50:44]   [白名单] 跳过: PDF
[17:50:44]   [白名单] 跳过: 688平台商
[17:50:47]   [白名单] 跳过: PDF
[17:50:47]   [白名单] 跳过: PDF
[17:50:48]   [白名单] 跳过: 新建文件夹
[17:50:48]   [白名单] 跳过: PDF
[17:50:51]   [白名单] 跳过: PDF
[17:50:51]   [白名单] 跳过: PDF
[17:50:51]   [白名单] 跳过: PDF
[17:50:51]   [白名单] 跳过: 价格明细.
[17:50:54]   [白名单] 跳过: PDF
[17:50:54]   [白名单] 跳过: PDF
[17:50:54]   [白名单] 跳过: PDF
[17:50:57]   [白名单] 跳过: PDF
[17:50:57]   [白名单] 跳过: PDF
[17:50:57]   [白名单] 跳过: PDF
[17:51:00]   [白名单] 跳过: PDF
[17:51:01]   [白名单] 跳过: PDF
[17:51:01]   [白名单] 跳过: PDF
[17:51:04]   [白名单] 跳过: PDF
[17:51:04]   [白名单] 跳过: PDF
[17:51:04]   [白名单] 跳过: PDF
[17:51:07]   [白名单] 跳过: PDF
[17:51:07]   [白名单] 跳过: PDF
[17:51:07]   [白名单] 跳过: PDF
[17:51:10]   [白名单] 跳过: PDF
[17:51:10]   [白名单] 跳过: PDF
[17:51:10]   [白名单] 跳过: PDF
[17:51:13]   [白名单] 跳过: PDF
[17:51:13]   [白名单] 跳过: PDF
[17:51:13]   [白名单] 跳过: PDF
[17:51:13] 📩 未读联系人: ['长方条']
[17:51:13] ▶ 处理: 长方条
[17:51:14]   [搜索] Ctrl+F 搜索: 长方条
[17:51:17]   [搜索] 找到结果: 'Q长方条' @ (328, 299)
[17:51:21]   [self] O□
[17:51:21]   [self] 发消息视频聊天语音聊天
[17:51:21]   [other] （老王媳妇）
[17:51:21]   请求 AI 回复...
[17:51:21]   [任务] 已写入，等待 WorkBuddy 回复（超时 90s）...
[17:52:51]   [超时] 等待回复超过 90s，跳过
[17:52:55]   [白名单] 跳过: PDF
[17:52:55]   [白名单] 跳过: PDF
[17:52:55]   [白名单] 跳过: PDF
[17:53:53]   [白名单] 跳过: PDF
[17:53:53]   [白名单] 跳过: PDF
[17:53:53]   [白名单] 跳过: PDF
[17:54:14]   [白名单] 跳过: PDF
[17:54:14]   [白名单] 跳过: PDF
[17:54:14]   [白名单] 跳过: PDP
[17:54:20]   [白名单] 跳过: PDF
[17:54:21]   [白名单] 跳过: PDF
[17:54:21]   [白名单] 跳过: PDF
[17:54:36] 📩 未读联系人: ['AiLy李1']
[17:54:36] ▶ 处理: AiLy李1
[17:54:37]   [搜索] Ctrl+F 搜索: AiLy李1
[17:54:42]   [搜索] 找到结果: 'AiLy李15502540306' @ (275, 564)
[17:54:47]   [self] @e1天前
[17:54:47]   [self] 输入消息..
[17:54:47]   [self] Craftv
[17:54:47]   最后一条是自己发的，无需回复
[17:54:50] 📩 未读联系人: ['AiLy李1']
[17:54:50]   [冷却] AiLy李1 距上次处理 3s，跳过
[17:55:30]   [白名单] 跳过: PDF
[17:55:30]   [白名单] 跳过: PDF
[17:55:30]   [白名单] 跳过: PDF
[17:55:33]   [白名单] 跳过: +新建
[17:55:33]   [白名单] 跳过: 工V
[17:55:33]   [白名单] 跳过: 下载
[17:55:37]   [白名单] 跳过: WorkE
[17:55:37] 📩 未读联系人: ['AiLy']
[17:55:37] ▶ 处理: AiLy
[17:55:37]   [搜索] Ctrl+F 搜索: AiLy
[17:55:41]   [搜索] 找到结果: '包含：AiLy李' @ (270, 357)
[17:55:44]   [other] AiLy 李15502540306取证当上公
[17:55:44]   [other] U?
[17:55:44]   [other] w this sign ...
[17:55:44]   请求 AI 回复...
[17:55:44]   [任务] 已写入，等待 WorkBuddy 回复（超时 90s）...
[17:57:15]   [超时] 等待回复超过 90s，跳过
[17:57:18] 📩 未读联系人: ['AiLy李1550']
[17:57:18] ▶ 处理: AiLy李1550
[17:57:18]   [搜索] Ctrl+F 搜索: AiLy李1550
[17:57:21]   [搜索] 找到结果: 'AiLy李15502540306' @ (250, 696)
[17:57:25]   [other] 机制
[17:57:25]   [other] 比较麻哈哈
[17:57:25]   [other] 公
[17:57:25]   请求 AI 回复...
[17:57:25]   [任务] 已写入，等待 WorkBuddy 回复（超时 90s）...
[17:58:55]   [超时] 等待回复超过 90s，跳过
[17:58:58] 📩 未读联系人: ['AiLy李1550']
[17:58:58]   [冷却] AiLy李1550 距上次处理 3s，跳过
[17:59:01]   [白名单] 跳过: PDF
[17:59:01]   [白名单] 跳过: PDF
[17:59:01]   [白名单] 跳过: PDF
[17:59:05]   [白名单] 跳过: PDF
[17:59:05]   [白名单] 跳过: PDF
[17:59:05]   [白名单] 跳过: PDF
[17:59:08]   [白名单] 跳过: PDF
[17:59:08]   [白名单] 跳过: PDF
[17:59:08]   [白名单] 跳过: PDF
[17:59:38]   [白名单] 跳过: PDF
[17:59:39]   [白名单] 跳过: PDF
[17:59:39]   [白名单] 跳过: PDF
[17:59:42]   [白名单] 跳过: PDF
[17:59:42]   [白名单] 跳过: PDF
[17:59:42]   [白名单] 跳过: PDF
[18:00:55]   [白名单] 跳过: PDF
[18:00:55]   [白名单] 跳过: PDF
[18:00:55]   [白名单] 跳过: PDF
[18:01:16]   [白名单] 跳过: PDF
[18:01:16]   [白名单] 跳过: PDF
[18:01:16]   [白名单] 跳过: PDF
[18:01:19]   [白名单] 跳过: PDF
[18:01:19]   [白名单] 跳过: PDF
[18:01:19]   [白名单] 跳过: PDF
[18:02:08]   [白名单] 跳过: PDF
[18:02:08]   [白名单] 跳过: PDF
[18:02:08]   [白名单] 跳过: PDF
[18:02:48]   [白名单] 跳过: PDF
[18:02:48]   [白名单] 跳过: PDF
[18:02:48]   [白名单] 跳过: PDF
[18:02:51] 📩 未读联系人: ['AiLy李15']
[18:02:51] ▶ 处理: AiLy李15
[18:02:51]   [搜索] Ctrl+F 搜索: AiLy李15
[18:02:54]   [搜索] 找到结果: 'AiLy李15502540306:[图片]' @ (278, 373)
[18:02:58]   [other] 装技能已经可以做到标准化风险评估
[18:02:58]   [other] AiLy李15502540306
[18:02:58]   [other] 当上公
[18:02:58]   请求 AI 回复...
[18:02:58]   [任务] 已写入，等待 WorkBuddy 回复（超时 90s）...
[18:04:28]   [超时] 等待回复超过 90s，跳过
[18:04:31]   [白名单] 跳过: PDF
[18:04:32]   [白名单] 跳过: 近3
[18:04:47]   [白名单] 跳过: PDF
[18:04:47]   [白名单] 跳过: 近3
[18:04:50]   [白名单] 跳过: PDF
[18:04:50]   [白名单] 跳过: 近3
[18:04:53]   [白名单] 跳过: PDF
[18:04:53]   [白名单] 跳过: 近3
[18:04:56]   [白名单] 跳过: PDF
[18:04:57]   [白名单] 跳过: 近3
[18:05:00]   [白名单] 跳过: 怎么总外实便有？
[18:05:03] 📩 未读联系人: ['AiLy李15502540']
[18:05:03] ▶ 处理: AiLy李15502540
[18:05:04]   [搜索] Ctrl+F 搜索: AiLy李15502540
[18:05:07]   [搜索] 找到结果: 'AiLy李15502540306' @ (262, 332)
[18:05:11]   [other] 上公
[18:05:11]   请求 AI 回复...
[18:05:11]   [任务] 已写入，等待 WorkBuddy 回复（超时 90s）...
[18:06:41]   [超时] 等待回复超过 90s，跳过
[18:06:59]   [白名单] 跳过: PDF
[18:06:59]   [白名单] 跳过: PDF
[18:07:00]   [白名单] 跳过: PDF
[18:07:03]   [白名单] 跳过: PDF
[18:07:03]   [白名单] 跳过: PDF
[18:07:03]   [白名单] 跳过: PDF
[18:07:06]   [白名单] 跳过: PDF
[18:07:07]   [白名单] 跳过: PDF
[18:07:07]   [白名单] 跳过: PDF
[18:07:13]   [白名单] 跳过: 腾实商认证
[18:07:16]   [白名单] 跳过: 腾实商认证
[18:07:28]   [白名单] 跳过: 产品图片
[18:07:28]   [白名单] 跳过: PDF
[18:07:28]   [白名单] 跳过: PDF
[18:07:28]   [白名单] 跳过: PDF
[18:07:32]   [白名单] 跳过: 主文件夹
[18:07:35]   [白名单] 跳过: 主文件夹
[18:07:38]   [白名单] 跳过: 主文件夹
[18:07:41]   [白名单] 跳过: 主文件夹
[18:07:47]   [白名单] 跳过: 主文件夹
[18:07:59]   [白名单] 跳过: 主文件夹
[18:08:33]   [白名单] 跳过: 主文件夹
[18:09:09]   [白名单] 跳过: 主文件夹
[18:09:21]   [白名单] 跳过: 主文件夹
[18:09:25]   [白名单] 跳过: 主文件夹
[18:09:28]   [白名单] 跳过: PDF
[18:09:28]   [白名单] 跳过: PDF
[18:09:28]   [白名单] 跳过: PDF
[18:09:46]   [白名单] 跳过: PDF
[18:09:46]   [白名单] 跳过: PDF
[18:09:46]   [白名单] 跳过: PDF
[18:09:49]   [白名单] 跳过: PDF
[18:09:49]   [白名单] 跳过: PDF
[18:09:49]   [白名单] 跳过: PDF
[18:10:47]   [白名单] 跳过: PDF
[18:10:47]   [白名单] 跳过: PDF
[18:10:47]   [白名单] 跳过: PDF
[18:10:50]   [白名单] 跳过: 汤腾：
[18:10:54] 📩 未读联系人: ['AiLy李15502540306']
[18:10:54] ▶ 处理: AiLy李15502540306
[18:10:54]   [搜索] Ctrl+F 搜索: AiLy李15502540306
[18:10:57]   [搜索] 找到结果: 'AiLy李15502540306' @ (180, 367)
[18:11:01]   [self] 文件变更
[18:11:01]   [self] move
[18:11:01]   [self] @
[18:11:01]   最后一条是自己发的，无需回复
[18:11:04] 📩 未读联系人: ['AiLy李15502540306']
[18:11:04]   [冷却] AiLy李15502540306 距上次处理 3s，跳过
[18:11:07] 📩 未读联系人: ['AiLy李15502540306']
[18:11:07]   [冷却] AiLy李15502540306 距上次处理 6s，跳过
[18:12:38] 📩 未读联系人: ['AiLy李15502540306']
[18:12:38] ▶ 处理: AiLy李15502540306
[18:12:39]   [搜索] Ctrl+F 搜索: AiLy李15502540306
[18:12:42]   [搜索] 找到结果: 'AiLy李15502540306:[图片]' @ (189, 321)
[18:12:46]   [other] 17:
[18:12:46]   [other] 女吃的
[18:12:46]   [self] @
[18:12:46]   最后一条是自己发的，无需回复
[18:12:58] 📩 未读联系人: ['AiLy李15502540306']
[18:12:58]   [冷却] AiLy李15502540306 距上次处理 12s，跳过
[18:13:22] 📩 未读联系人: ['AiLy李15502540306']
[18:13:22]   [冷却] AiLy李15502540306 距上次处理 36s，跳过
[18:13:25] 📩 未读联系人: ['AiLy李15502540306']
[18:13:25]   [冷却] AiLy李15502540306 距上次处理 39s，跳过
[18:13:29] 📩 未读联系人: ['AiLy李15502540306']
[18:13:29]   [冷却] AiLy李15502540306 距上次处理 42s，跳过
[18:13:47] 📩 未读联系人: ['AiLy李15502540306']
[18:13:47] ▶ 处理: AiLy李15502540306
[18:13:47]   [搜索] Ctrl+F 搜索: AiLy李15502540306
[18:13:50]   [搜索] 找到结果: 'AiLy李15502540306' @ (181, 299)
[18:13:54]   [other] 17:
[18:13:54]   [other] 女吃的
[18:13:54]   [self] @
[18:13:54]   最后一条是自己发的，无需回复
[18:13:57] 📩 未读联系人: ['AiLy李15502540306']
[18:13:57]   [冷却] AiLy李15502540306 距上次处理 3s，跳过
[18:14:06] 📩 未读联系人: ['AiLy李15502540306']
[18:14:06]   [冷却] AiLy李15502540306 距上次处理 12s，跳过
[18:14:22]   [白名单] 跳过: AiLy 李15502540306
[18:14:25]   [白名单] 跳过: AiLy 李15502540306
[18:14:34] 📩 未读联系人: ['AiLy李15502540306']
[18:14:34]   [冷却] AiLy李15502540306 距上次处理 40s，跳过
[18:15:32] 📩 未读联系人: ['AiLy李15502540306']
[18:15:32] ▶ 处理: AiLy李15502540306
[18:15:32]   [搜索] Ctrl+F 搜索: AiLy李15502540306
[18:15:35]   [搜索] 找到结果: 'AiLy李15502540306' @ (180, 299)
[18:15:38]   [self] WorkE
[18:15:38]   [self] 王生成答案
[18:15:38]   最后一条是自己发的，无需回复
[18:15:42] 📩 未读联系人: ['AiLy李15502540306']
[18:15:42]   [冷却] AiLy李15502540306 距上次处理 3s，跳过
[18:15:45]   [白名单] 跳过: AiLy 李15502540306
[18:16:00] 📩 未读联系人: ['AiLy李15502540306']
[18:16:00]   [冷却] AiLy李15502540306 距上次处理 21s，跳过
[18:16:06] 📩 未读联系人: ['AiLy李15502540306']
[18:16:06]   [冷却] AiLy李15502540306 距上次处理 27s，跳过
[18:16:12] 📩 未读联系人: ['AiLy李15502540306']
[18:16:12]   [冷却] AiLy李15502540306 距上次处理 33s，跳过
[18:16:24] 📩 未读联系人: ['AiLy李15502540306']
[18:16:24]   [冷却] AiLy李15502540306 距上次处理 45s，跳过
[18:16:34] 📩 未读联系人: ['AiLy李15502540306']
[18:16:34]   [冷却] AiLy李15502540306 距上次处理 55s，跳过
[18:16:37] 📩 未读联系人: ['AiLy李15502540306']
[18:16:37]   [冷却] AiLy李15502540306 距上次处理 58s，跳过
[18:16:40] 📩 未读联系人: ['AiLy李15502540306']
[18:16:40] ▶ 处理: AiLy李15502540306
[18:16:40]   [搜索] Ctrl+F 搜索: AiLy李15502540306
[18:16:43]   [搜索] 找到结果: 'QAiLy李15502540306' @ (146, 312)
[18:16:47]   [other] 到底要学习哪里的聊天记录，搞出来丢上去，让他学
[18:16:47]   [self] ？？？那个数据源
[18:16:47]   [self] @
[18:16:47]   最后一条是自己发的，无需回复
[18:16:50] 📩 未读联系人: ['AiLy李15502540306']
[18:16:50]   [冷却] AiLy李15502540306 距上次处理 3s，跳过
[18:17:06] 📩 未读联系人: ['AiLy李15502540306']
[18:17:06]   [冷却] AiLy李15502540306 距上次处理 18s，跳过
[18:17:18] 📩 未读联系人: ['AiLy李15502540306']
[18:17:18]   [冷却] AiLy李15502540306 距上次处理 30s，跳过
[18:17:21] 📩 未读联系人: ['AiLy李15502540306']
[18:17:21]   [冷却] AiLy李15502540306 距上次处理 33s，跳过
[18:17:24] 📩 未读联系人: ['AiLy李15502540306']
[18:17:24]   [冷却] AiLy李15502540306 距上次处理 37s，跳过
[18:17:27] 📩 未读联系人: ['AiLy李15502540306']
[18:17:27]   [冷却] AiLy李15502540306 距上次处理 40s，跳过
[18:17:30] 📩 未读联系人: ['AiLy李15502540306']
[18:17:30]   [冷却] AiLy李15502540306 距上次处理 43s，跳过
[18:17:36] 📩 未读联系人: ['AiLy李15502540306']
[18:17:36]   [冷却] AiLy李15502540306 距上次处理 49s，跳过
[18:17:52] 📩 未读联系人: ['AiLy李15502540306']
[18:17:52] ▶ 处理: AiLy李15502540306
[18:17:52]   [搜索] Ctrl+F 搜索: AiLy李15502540306
[18:17:55]   [搜索] 找到结果: 'QAiLy李15502540306' @ (146, 312)
[18:18:00]   [self] 你获取到的
[18:18:00]   [other] 有7所小学、6所中学拿下全区第一名展现..
[18:18:00]   [self] @
[18:18:00]   最后一条是自己发的，无需回复
[18:18:03] 📩 未读联系人: ['AiLy李15502540306']
[18:18:03]   [冷却] AiLy李15502540306 距上次处理 3s，跳过
[18:18:21] 📩 未读联系人: ['AiLy李15502540306']
[18:18:21]   [冷却] AiLy李15502540306 距上次处理 21s，跳过
[18:18:24] 📩 未读联系人: ['AiLy李15502540306']
[18:18:24]   [冷却] AiLy李15502540306 距上次处理 24s，跳过
[18:18:33] 📩 未读联系人: ['AiLy李15502540306']
[18:18:33]   [冷却] AiLy李15502540306 距上次处理 33s，跳过
[18:18:46] 📩 未读联系人: ['AiLy李15502540306']
[18:18:46]   [冷却] AiLy李15502540306 距上次处理 46s，跳过
[18:18:58] 📩 未读联系人: ['AiLy李15502540306']
[18:18:58]   [冷却] AiLy李15502540306 距上次处理 58s，跳过
[18:19:01] 📩 未读联系人: ['AiLy李15502540306']
[18:19:01] ▶ 处理: AiLy李15502540306
[18:19:01]   [搜索] Ctrl+F 搜索: AiLy李15502540306
[18:19:04]   [搜索] 找到结果: 'QAiLy李15502540306' @ (146, 312)
[18:19:08]   [other] 他想让我自动回复，那你肯定要告诉我怎样回复的哇。人
[18:19:08]   [other] 家问个啥，那比如说产品信息产品这个文档什么都要给的
[18:19:08]   [other] 这是不是有点麻呀哈哈
[18:19:08]   请求 AI 回复...
[18:19:08]   [任务] 已写入，等待 WorkBuddy 回复（超时 90s）...
[18:20:39]   [超时] 等待回复超过 90s，跳过
[18:23:53]   [白名单] 跳过: 产品
[18:28:23]   [白名单] 跳过: 产品
[18:30:37]   [白名单] 跳过: 产品
[18:30:58]   [白名单] 跳过: 产品
[18:31:01]   [白名单] 跳过: 产品
[18:31:20]   [白名单] 跳过: 产品
[18:32:02]   [白名单] 跳过: 产品
[18:32:48] 📩 未读联系人: ['AiLy']
[18:32:48] ▶ 处理: AiLy
[18:32:48]   [搜索] Ctrl+F 搜索: AiLy
[18:32:51]   [搜索] 找到结果: 'AiLy李15502540306' @ (296, 329)
[18:32:55]   [other] 你的
[18:32:55]   [self] 通话时长08:01
[18:32:55]   [other] U
[18:32:55]   请求 AI 回复...
[18:32:55]   [任务] 已写入，等待 WorkBuddy 回复（超时 90s）...
[18:34:25]   [超时] 等待回复超过 90s，跳过
[18:34:29] 📩 未读联系人: ['AiLy']
[18:34:29]   [冷却] AiLy 距上次处理 3s，跳过
[18:34:56]   [白名单] 跳过: PDF
[18:34:56]   [白名单] 跳过: PDF
[18:34:56]   [白名单] 跳过: PDF
[18:34:59]   [白名单] 跳过: PDF
[18:34:59]   [白名单] 跳过: PDF
[18:35:00]   [白名单] 跳过: PDF
[18:35:03]   [白名单] 跳过: PDF
[18:35:03]   [白名单] 跳过: PDF
[18:35:03]   [白名单] 跳过: PDF
[18:35:12]   [白名单] 跳过: 主文件夹
[18:35:55]   [白名单] 跳过: PDF
[18:35:55]   [白名单] 跳过: PDF
[18:35:55]   [白名单] 跳过: PDF
[18:36:07]   [白名单] 跳过: PDF
[18:36:07]   [白名单] 跳过: PDF
[18:36:07]   [白名单] 跳过: PDF
[18:36:10]   [白名单] 跳过: PDF
[18:36:10]   [白名单] 跳过: PDF
[18:36:10]   [白名单] 跳过: PDF
[18:36:23]   [白名单] 跳过: 主文件夹
[18:36:26]   [白名单] 跳过: 主文件夹
[18:36:29]   [白名单] 跳过: 主文件夹
[18:36:32]   [白名单] 跳过: 主文件夹
[18:36:35]   [白名单] 跳过: 主文件夹
[18:36:38]   [白名单] 跳过: 主文件夹
[18:36:41]   [白名单] 跳过: 主文件夹
[18:36:44]   [白名单] 跳过: 主文件夹
[18:36:48]   [白名单] 跳过: 主文件夹
[18:36:51]   [白名单] 跳过: 主文件夹
[18:36:54]   [白名单] 跳过: 主文件夹
[18:36:57]   [白名单] 跳过: 主文件夹
[18:37:00]   [白名单] 跳过: 主文件夹
[18:37:12]   [白名单] 跳过: 主文件夹
[18:37:15]   [白名单] 跳过: 主文件夹
[18:37:18]   [白名单] 跳过: 主文件夹
[18:37:21]   [白名单] 跳过: 主文件夹
[18:37:28]   [白名单] 跳过: 主文件夹
[18:37:31]   [白名单] 跳过: 主文件夹
[18:37:40]   [白名单] 跳过: 主文件夹
[18:37:43]   [白名单] 跳过: 主文件夹
[18:37:46]   [白名单] 跳过: 主文件夹
[18:37:49]   [白名单] 跳过: 主文件夹
[18:37:52]   [白名单] 跳过: 主文件夹
[18:37:55]   [白名单] 跳过: 主文件夹
[18:38:07]   [白名单] 跳过: 主文件夹
[18:38:11]   [白名单] 跳过: 主文件夹
[18:38:14]   [白名单] 跳过: 主文件夹
[18:38:17]   [白名单] 跳过: 主文件夹
[18:38:29]   [白名单] 跳过: 主文件夹
[18:38:32]   [白名单] 跳过: 主文件夹
[18:38:32]   [白名单] 跳过: 音乐
[18:38:32]   [白名单] 跳过: T423主图
[18:38:32] 📩 未读联系人: ['马赛赛']
[18:38:32] ▶ 处理: 马赛赛
[18:38:33]   [搜索] Ctrl+F 搜索: 马赛赛
[18:38:37]   [搜索] 找到结果: '马赛赛' @ (138, 648)
[18:38:40]   [other] 丁印/批量重命名/更多
[18:38:40]   [other] 端中打开
[18:38:40]   [other] 更多选项
[18:38:40]   请求 AI 回复...
[18:38:40]   [任务] 已写入，等待 WorkBuddy 回复（超时 90s）...
