[15:50:05] =======================================================
[15:50:05] WorkBuddy 回复生成器  启动
[15:50:05] 监控目录: c:\Users\Lenovo\WorkBuddy\Claw\wb_comm
[15:50:05] 等待 wechat_monitor.py 写入任务...
[15:50:05] =======================================================
[15:53:11] 发现新任务: 20260317_155310
[15:53:11] [20260317_155310] 联系人=AiLy李1550254, 消息数=8
[15:53:11]   [等待] 已写入 wb_prompt，等待 WorkBuddy 填充回复...
[15:55:11]   [超时] 120s 内未收到 WorkBuddy 回复
[15:55:11]   [失败] 未获得回复，任务 20260317_155310 放弃
[15:58:59] 发现新任务: 20260317_155859
[15:58:59] [20260317_155859] 联系人=AiLy李1550254, 消息数=8
[15:58:59]   [等待] 已写入 wb_prompt，等待 WorkBuddy 填充回复...
[16:00:59]   [超时] 120s 内未收到 WorkBuddy 回复
[16:00:59]   [失败] 未获得回复，任务 20260317_155859 放弃
[16:07:04] 发现新任务: 20260317_160704
[16:07:04] [20260317_160704] 联系人=AiLy李1550254, 消息数=8
[16:07:04]   [等待] 已写入 wb_prompt，等待 WorkBuddy 填充回复...
[16:09:04]   [超时] 120s 内未收到 WorkBuddy 回复
[16:09:04]   [失败] 未获得回复，任务 20260317_160704 放弃
[16:12:07] 发现新任务: 20260317_161206
[16:12:07] [20260317_161206] 联系人=畅腾升降桌工厂, 消息数=8
[16:12:07]   [等待] 已写入 wb_prompt，等待 WorkBuddy 填充回复...
[16:14:07]   [超时] 120s 内未收到 WorkBuddy 回复
[16:14:07]   [失败] 未获得回复，任务 20260317_161206 放弃
[16:19:07] 发现新任务: 20260317_161907
[16:19:07] [20260317_161907] 联系人=畅腾升降桌工厂, 消息数=8
[16:19:07]   [等待] 已写入 wb_prompt，等待 WorkBuddy 填充回复...
[16:20:47]   [警告] pending.json 任务 ID 已变更，放弃等待
[16:20:47]   [失败] 未获得回复，任务 20260317_161907 放弃
[16:20:47] 发现新任务: 20260317_162047
[16:20:47] [20260317_162047] 联系人=AiLy李15502540, 消息数=6
[16:20:47]   [等待] 已写入 wb_prompt，等待 WorkBuddy 填充回复...
[16:22:48]   [超时] 120s 内未收到 WorkBuddy 回复
[16:22:48]   [失败] 未获得回复，任务 20260317_162047 放弃
[16:27:54] 发现新任务: 20260317_162754
[16:27:54] [20260317_162754] 联系人=AiLy李1550254, 消息数=8
[16:27:54]   [等待] 已写入 wb_prompt，等待 WorkBuddy 填充回复...
[16:29:54]   [超时] 120s 内未收到 WorkBuddy 回复
[16:29:54]   [失败] 未获得回复，任务 20260317_162754 放弃
[16:37:51] 发现新任务: 20260317_163751
[16:37:51] [20260317_163751] 联系人=AiLy李155025, 消息数=8
[16:37:51]   [等待] 已写入 wb_prompt，等待 WorkBuddy 填充回复...
[16:39:51]   [超时] 120s 内未收到 WorkBuddy 回复
[16:39:51]   [失败] 未获得回复，任务 20260317_163751 放弃
[16:56:58] 发现新任务: 20260317_165658
[16:56:58] [20260317_165658] 联系人=AiLy李15502540306, 消息数=7
[16:56:58]   [等待] 已写入 wb_prompt，等待 WorkBuddy 填充回复...
[16:58:39]   [警告] pending.json 任务 ID 已变更，放弃等待
[16:58:39]   [失败] 未获得回复，任务 20260317_165658 放弃
[16:58:39] 发现新任务: 20260317_165838
[16:58:39] [20260317_165838] 联系人=AiLy, 消息数=4
[16:58:39]   [等待] 已写入 wb_prompt，等待 WorkBuddy 填充回复...
[17:00:19]   [警告] pending.json 任务 ID 已变更，放弃等待
[17:00:19]   [失败] 未获得回复，任务 20260317_165838 放弃
[17:00:19] 发现新任务: 20260317_170018
[17:00:19] [20260317_170018] 联系人=AiLy李, 消息数=8
[17:00:19]   [等待] 已写入 wb_prompt，等待 WorkBuddy 填充回复...
[17:02:19]   [超时] 120s 内未收到 WorkBuddy 回复
[17:02:19]   [失败] 未获得回复，任务 20260317_170018 放弃
[17:06:18] 发现新任务: 20260317_170618
[17:06:18] [20260317_170618] 联系人=AiLy, 消息数=8
[17:06:18]   [等待] 已写入 wb_prompt，等待 WorkBuddy 填充回复...
[17:07:12]   [警告] pending.json 任务 ID 已变更，放弃等待
[17:07:12]   [失败] 未获得回复，任务 20260317_170618 放弃
[17:07:13] 发现新任务: 20260317_170712
[17:07:13] [20260317_170712] 联系人=AiLy李15502540, 消息数=7
[17:07:13]   [等待] 已写入 wb_prompt，等待 WorkBuddy 填充回复...
[17:07:59]   [警告] pending.json 任务 ID 已变更，放弃等待
[17:07:59]   [失败] 未获得回复，任务 20260317_170712 放弃
[17:07:59] 发现新任务: 20260317_170758
[17:07:59] [20260317_170758] 联系人=AiLy李155, 消息数=4
[17:07:59]   [等待] 已写入 wb_prompt，等待 WorkBuddy 填充回复...
[17:08:58]   [警告] pending.json 任务 ID 已变更，放弃等待
[17:08:58]   [失败] 未获得回复，任务 20260317_170758 放弃
[17:08:59] 发现新任务: 20260317_170858
[17:08:59] [20260317_170858] 联系人=李1550254, 消息数=8
[17:08:59]   [等待] 已写入 wb_prompt，等待 WorkBuddy 填充回复...
[17:10:59]   [超时] 120s 内未收到 WorkBuddy 回复
[17:10:59]   [失败] 未获得回复，任务 20260317_170858 放弃
[17:19:32] 发现新任务: 20260317_171932
[17:19:32] [20260317_171932] 联系人=AiLy李155, 消息数=4
[17:19:32]   [等待] 已写入 wb_prompt，等待 WorkBuddy 填充回复...
[17:21:32]   [超时] 120s 内未收到 WorkBuddy 回复
[17:21:32]   [失败] 未获得回复，任务 20260317_171932 放弃
[17:22:37] 发现新任务: 20260317_172237
[17:22:37] [20260317_172237] 联系人=AiLy李, 消息数=8
[17:22:37]   [等待] 已写入 wb_prompt，等待 WorkBuddy 填充回复...
[17:24:18]   [警告] pending.json 任务 ID 已变更，放弃等待
[17:24:18]   [失败] 未获得回复，任务 20260317_172237 放弃
[17:24:19] 发现新任务: 20260317_172418
[17:24:19] [20260317_172418] 联系人=AiLy李155, 消息数=8
[17:24:19]   [等待] 已写入 wb_prompt，等待 WorkBuddy 填充回复...
[17:26:19]   [超时] 120s 内未收到 WorkBuddy 回复
[17:26:19]   [失败] 未获得回复，任务 20260317_172418 放弃
[17:27:21] 发现新任务: 20260317_172721
[17:27:21] [20260317_172721] 联系人=AiLy李1550, 消息数=2
[17:27:21]   [等待] 已写入 wb_prompt，等待 WorkBuddy 填充回复...
[17:27:26]   [警告] pending.json 任务 ID 已变更，放弃等待
[17:27:26]   [失败] 未获得回复，任务 20260317_172721 放弃
[17:27:26] 发现新任务: 20260317_172726
[17:27:26] [20260317_172726] 联系人=畅腾升降桌工厂, 消息数=8
[17:27:26]   [等待] 已写入 wb_prompt，等待 WorkBuddy 填充回复...
[17:29:27]   [超时] 120s 内未收到 WorkBuddy 回复
[17:29:27]   [失败] 未获得回复，任务 20260317_172726 放弃
[17:30:22] 发现新任务: 20260317_173021
[17:30:22] [20260317_173021] 联系人=AiLy李1550, 消息数=6
[17:30:22]   [等待] 已写入 wb_prompt，等待 WorkBuddy 填充回复...
[17:30:53]   [警告] pending.json 任务 ID 已变更，放弃等待
[17:30:53]   [失败] 未获得回复，任务 20260317_173021 放弃
[17:30:54] 发现新任务: 20260317_173053
[17:30:54] [20260317_173053] 联系人=AiLy李155025403, 消息数=8
[17:30:54]   [等待] 已写入 wb_prompt，等待 WorkBuddy 填充回复...
[17:32:03]   [警告] pending.json 任务 ID 已变更，放弃等待
[17:32:03]   [失败] 未获得回复，任务 20260317_173053 放弃
[17:32:03] 发现新任务: 20260317_173202
[17:32:03] [20260317_173202] 联系人=AiLy李15502, 消息数=8
[17:32:03]   [等待] 已写入 wb_prompt，等待 WorkBuddy 填充回复...
[17:33:43]   [警告] pending.json 任务 ID 已变更，放弃等待
[17:33:43]   [失败] 未获得回复，任务 20260317_173202 放弃
[17:33:44] 发现新任务: 20260317_173343
[17:33:44] [20260317_173343] 联系人=AiLy李1550, 消息数=2
[17:33:44]   [等待] 已写入 wb_prompt，等待 WorkBuddy 填充回复...
[17:35:24]   [警告] pending.json 任务 ID 已变更，放弃等待
[17:35:24]   [失败] 未获得回复，任务 20260317_173343 放弃
[17:35:24] 发现新任务: 20260317_173524
[17:35:24] [20260317_173524] 联系人=AiLy李15502, 消息数=8
[17:35:24]   [等待] 已写入 wb_prompt，等待 WorkBuddy 填充回复...
[17:37:05]   [警告] pending.json 任务 ID 已变更，放弃等待
[17:37:05]   [失败] 未获得回复，任务 20260317_173524 放弃
[17:37:06] 发现新任务: 20260317_173705
[17:37:06] [20260317_173705] 联系人=AiLy李1550, 消息数=8
[17:37:06]   [等待] 已写入 wb_prompt，等待 WorkBuddy 填充回复...
[17:39:06]   [超时] 120s 内未收到 WorkBuddy 回复
[17:39:06]   [失败] 未获得回复，任务 20260317_173705 放弃
[17:51:22] 发现新任务: 20260317_175121
[17:51:22] [20260317_175121] 联系人=长方条, 消息数=8
[17:51:22]   [等待] 已写入 wb_prompt，等待 WorkBuddy 填充回复...
[17:53:22]   [超时] 120s 内未收到 WorkBuddy 回复
[17:53:22]   [失败] 未获得回复，任务 20260317_175121 放弃
[17:55:45] 发现新任务: 20260317_175544
[17:55:45] [20260317_175544] 联系人=AiLy, 消息数=8
[17:55:45]   [等待] 已写入 wb_prompt，等待 WorkBuddy 填充回复...
[17:57:25]   [警告] pending.json 任务 ID 已变更，放弃等待
[17:57:25]   [失败] 未获得回复，任务 20260317_175544 放弃
[17:57:26] 发现新任务: 20260317_175725
[17:57:26] [20260317_175725] 联系人=AiLy李1550, 消息数=8
[17:57:26]   [等待] 已写入 wb_prompt，等待 WorkBuddy 填充回复...
[17:59:26]   [超时] 120s 内未收到 WorkBuddy 回复
[17:59:26]   [失败] 未获得回复，任务 20260317_175725 放弃
[18:02:58] 发现新任务: 20260317_180258
[18:02:58] [20260317_180258] 联系人=AiLy李15, 消息数=8
[18:02:58]   [等待] 已写入 wb_prompt，等待 WorkBuddy 填充回复...
[18:04:59]   [超时] 120s 内未收到 WorkBuddy 回复
[18:04:59]   [失败] 未获得回复，任务 20260317_180258 放弃
[18:05:11] 发现新任务: 20260317_180511
[18:05:11] [20260317_180511] 联系人=AiLy李15502540, 消息数=1
[18:05:11]   [等待] 已写入 wb_prompt，等待 WorkBuddy 填充回复...
[18:07:11]   [超时] 120s 内未收到 WorkBuddy 回复
[18:07:11]   [失败] 未获得回复，任务 20260317_180511 放弃
[18:19:09] 发现新任务: 20260317_181908
[18:19:09] [20260317_181908] 联系人=AiLy李15502540306, 消息数=8
[18:19:09]   [等待] 已写入 wb_prompt，等待 WorkBuddy 填充回复...
[18:21:09]   [超时] 120s 内未收到 WorkBuddy 回复
[18:21:09]   [失败] 未获得回复，任务 20260317_181908 放弃
[18:32:56] 发现新任务: 20260317_183255
[18:32:56] [20260317_183255] 联系人=AiLy, 消息数=8
[18:32:56]   [等待] 已写入 wb_prompt，等待 WorkBuddy 填充回复...
[18:34:56]   [超时] 120s 内未收到 WorkBuddy 回复
[18:34:56]   [失败] 未获得回复，任务 20260317_183255 放弃
[18:38:40] 发现新任务: 20260317_183840
[18:38:40] [20260317_183840] 联系人=马赛赛, 消息数=8
[18:38:40]   [等待] 已写入 wb_prompt，等待 WorkBuddy 填充回复...
